2023-05-15 20:08:40.073 [warning] Via 'product.json#extensionEnabledApiProposals' extension 'ms-vscode.vscode-selfhost-test-provider' wants API proposal 'testContinuousRun' but that proposal DOES NOT EXIST. Likely, the proposal has been finalized (check 'vscode.d.ts') or was abandoned.
2023-05-15 20:08:40.125 [warning] Via 'product.json#extensionEnabledApiProposals' extension 'ms-vscode.remote-repositories' wants API proposal 'contribEditorGutterMenu' but that proposal DOES NOT EXIST. Likely, the proposal has been finalized (check 'vscode.d.ts') or was abandoned.
2023-05-15 20:08:40.129 [warning] Via 'product.json#extensionEnabledApiProposals' extension 'github.vscode-pull-request-github' wants API proposal 'contribEditorGutterMenu' but that proposal DOES NOT EXIST. Likely, the proposal has been finalized (check 'vscode.d.ts') or was abandoned.
2023-05-15 20:08:40.132 [warning] Via 'product.json#extensionEnabledApiProposals' extension 'ms-toolsai.jupyter' wants API proposal 'notebookControllerKind' but that proposal DOES NOT EXIST. Likely, the proposal has been finalized (check 'vscode.d.ts') or was abandoned.
2023-05-15 20:09:10.452 [info] [perf] Render performance baseline is 669ms
2023-05-15 20:44:28.720 [error] file:///home/lxrdszn/Desktop/EXpoweb_v1/subtemas does not exist and can not be deleted: Error: file:///home/lxrdszn/Desktop/EXpoweb_v1/subtemas does not exist and can not be deleted
    at s.perform (vscode-file://vscode-app/usr/share/codium/resources/app/out/vs/workbench/workbench.desktop.main.js:2346:24499)
    at async c._reverse (vscode-file://vscode-app/usr/share/codium/resources/app/out/vs/workbench/workbench.desktop.main.js:2346:25678)
    at async c.undo (vscode-file://vscode-app/usr/share/codium/resources/app/out/vs/workbench/workbench.desktop.main.js:2346:25554)
2023-05-15 21:08:34.545 [error] Error: ENOENT: no such file or directory, stat '/home/lxrdszn/Desktop/EXpoweb_v1/subtemas/img/img3.jpg': EntryNotFound (FileSystemError): Error: ENOENT: no such file or directory, stat '/home/lxrdszn/Desktop/EXpoweb_v1/subtemas/img/img3.jpg'
	at ti._handleError (/usr/share/codium/resources/app/out/vs/workbench/api/node/extensionHostProcess.js:100:31045)
	at Object.stat (/usr/share/codium/resources/app/out/vs/workbench/api/node/extensionHostProcess.js:100:29383)
	at process.processTicksAndRejections (node:internal/process/task_queues:96:5)
2023-05-15 21:08:39.913 [error] Error: ENOENT: no such file or directory, stat '/home/lxrdszn/Desktop/EXpoweb_v1/subtemas/img/img3.jpg': EntryNotFound (FileSystemError): Error: ENOENT: no such file or directory, stat '/home/lxrdszn/Desktop/EXpoweb_v1/subtemas/img/img3.jpg'
	at ti._handleError (/usr/share/codium/resources/app/out/vs/workbench/api/node/extensionHostProcess.js:100:31045)
	at Object.stat (/usr/share/codium/resources/app/out/vs/workbench/api/node/extensionHostProcess.js:100:29383)
	at process.processTicksAndRejections (node:internal/process/task_queues:96:5)
2023-05-16 02:43:07.053 [info] UNRESPONSIVE extension host: received responsive event and cancelling profiling session
2023-05-16 02:43:16.791 [info] UNRESPONSIVE extension host: starting to profile NOW
2023-05-16 02:43:17.031 [info] UNRESPONSIVE extension host: received responsive event and cancelling profiling session
