2023-05-15 16:51:57.190 [info] Added views:workbench.panel.markers.view in workbench.panel.markers
2023-05-15 16:51:57.190 [info] Added views:workbench.panel.output in workbench.panel.output
2023-05-15 16:51:57.190 [info] Added views:terminal in terminal
2023-05-15 16:51:57.191 [info] Added views:outline in workbench.view.explorer
2023-05-15 16:51:57.191 [info] Added views:workbench.scm in workbench.view.scm
2023-05-15 16:51:57.191 [info] Added views:workbench.view.search in workbench.view.search
2023-05-15 16:51:57.191 [info] Added views:timeline in workbench.view.explorer
2023-05-15 16:51:57.191 [info] Added views:workbench.explorer.fileView in workbench.view.explorer
2023-05-15 16:52:02.196 [info] Added views:workbench.debug.variablesView,workbench.debug.watchExpressionsView,workbench.debug.callStackView,workbench.debug.breakPointsView in workbench.view.debug
2023-05-15 16:52:07.581 [info] Added views:workbench.panel.repl.view in workbench.panel.repl
2023-05-15 16:52:07.596 [info] Removed views:workbench.debug.breakPointsView,workbench.debug.callStackView,workbench.debug.watchExpressionsView,workbench.debug.variablesView from workbench.view.debug
2023-05-15 16:52:07.600 [info] Added views:workbench.debug.welcome in workbench.view.debug
2023-05-15 17:17:07.538 [info] Added views:workbench.panel.markers.view in workbench.panel.markers
2023-05-15 17:17:07.538 [info] Added views:workbench.panel.output in workbench.panel.output
2023-05-15 17:17:07.538 [info] Added views:terminal in terminal
2023-05-15 17:17:07.538 [info] Added views:outline in workbench.view.explorer
2023-05-15 17:17:07.538 [info] Added views:workbench.scm in workbench.view.scm
2023-05-15 17:17:07.538 [info] Added views:workbench.view.search in workbench.view.search
2023-05-15 17:17:07.538 [info] Added views:timeline in workbench.view.explorer
2023-05-15 17:17:07.538 [info] Added views:workbench.explorer.fileView in workbench.view.explorer
2023-05-15 17:17:08.786 [info] Added views:workbench.debug.welcome in workbench.view.debug
2023-05-15 17:17:08.790 [info] Added views:workbench.debug.breakPointsView in workbench.view.debug
2023-05-15 17:17:26.450 [info] Added views:workbench.panel.repl.view in workbench.panel.repl
