2023-05-15 19:42:41.235 [info] Extension host with pid 439036 started
2023-05-15 19:42:41.236 [info] Skipping acquiring lock for /home/lxrdszn/.config/VSCodium/User/workspaceStorage/025eb0edb874575972d426ab274fb62f.
2023-05-15 19:42:54.153 [info] ExtensionService#_doActivateExtension vscode.emmet, startup: false, activationEvent: 'onLanguage'
2023-05-15 19:42:54.155 [info] ExtensionService#_doActivateExtension vscode.html-language-features, startup: false, activationEvent: 'onLanguage:html'
2023-05-15 19:42:54.155 [info] ExtensionService#_doActivateExtension Angular.ng-template, startup: false, activationEvent: 'onLanguage:html'
2023-05-15 19:42:59.853 [info] Not activating extension 'golang.go': Timed out while searching for 'workspaceContains' pattern *.go,*/*.go,*/*/*.go
2023-05-15 19:42:59.853 [info] Not activating extension 'Pivotal.vscode-spring-boot': Timed out while searching for 'workspaceContains' pattern */pom.xml,*/build.gradle,*/settings.gradle,*/build.gradle.kts,*/settings.gradle.kts,*/.classpath
2023-05-15 19:42:59.853 [info] Not activating extension 'redhat.java': Timed out while searching for 'workspaceContains' pattern */pom.xml,*/build.gradle,*/settings.gradle,*/build.gradle.kts,*/settings.gradle.kts,*/.classpath
2023-05-15 19:42:59.859 [info] Not activating extension 'vscjava.vscode-java-dependency': Timed out while searching for 'workspaceContains' pattern */pom.xml,*/build.gradle,*/settings.gradle,*/build.gradle.kts,*/settings.gradle.kts,*/.classpath
2023-05-15 19:42:59.860 [info] Not activating extension 'vscjava.vscode-java-pack': Timed out while searching for 'workspaceContains' pattern */pom.xml,*/build.gradle,*/settings.gradle,*/build.gradle.kts,*/settings.gradle.kts,*/.classpath
2023-05-15 19:42:59.860 [info] Not activating extension 'vscjava.vscode-java-test': Timed out while searching for 'workspaceContains' pattern */pom.xml,*/build.gradle,*/settings.gradle,*/build.gradle.kts,*/settings.gradle.kts,*/.classpath
2023-05-15 19:42:59.860 [info] Not activating extension 'vscjava.vscode-maven': Timed out while searching for 'workspaceContains' pattern **/pom.xml
2023-05-15 19:42:59.882 [info] ExtensionService#_doActivateExtension vscode.git-base, startup: true, activationEvent: '*', root cause: vscode.git
2023-05-15 19:42:59.883 [info] ExtensionService#_doActivateExtension kisstkondoros.vscode-gutter-preview, startup: true, activationEvent: '*'
2023-05-15 19:42:59.885 [info] ExtensionService#_doActivateExtension yandeu.five-server, startup: true, activationEvent: '*'
2023-05-15 19:43:01.655 [info] ExtensionService#_doActivateExtension vscode.debug-auto-launch, startup: false, activationEvent: 'onStartupFinished'
2023-05-15 19:43:01.656 [info] ExtensionService#_doActivateExtension vscode.merge-conflict, startup: false, activationEvent: 'onStartupFinished'
2023-05-15 19:43:01.656 [info] ExtensionService#_doActivateExtension PKief.material-icon-theme, startup: false, activationEvent: 'onStartupFinished'
2023-05-15 19:43:08.052 [info] ExtensionService#_doActivateExtension vscode.git, startup: true, activationEvent: '*'
2023-05-15 19:43:08.062 [info] ExtensionService#_doActivateExtension vscode.github, startup: true, activationEvent: '*'
2023-05-15 19:43:11.822 [info] Eager extensions activated
