2023-05-16 10:17:57.102 [info] Extension host with pid 268811 started
2023-05-16 10:17:57.102 [info] Skipping acquiring lock for /home/lxrdszn/.config/VSCodium/User/workspaceStorage/025eb0edb874575972d426ab274fb62f.
2023-05-16 10:17:58.542 [info] ExtensionService#_doActivateExtension vscode.emmet, startup: false, activationEvent: 'onLanguage'
2023-05-16 10:17:58.544 [info] ExtensionService#_doActivateExtension vscode.html-language-features, startup: false, activationEvent: 'onLanguage:html'
2023-05-16 10:17:58.544 [info] ExtensionService#_doActivateExtension Angular.ng-template, startup: false, activationEvent: 'onLanguage:html'
2023-05-16 10:18:00.690 [info] ExtensionService#_doActivateExtension vscode.git-base, startup: true, activationEvent: '*', root cause: vscode.git
2023-05-16 10:18:00.691 [info] ExtensionService#_doActivateExtension kisstkondoros.vscode-gutter-preview, startup: true, activationEvent: '*'
2023-05-16 10:18:00.691 [info] ExtensionService#_doActivateExtension yandeu.five-server, startup: true, activationEvent: '*'
2023-05-16 10:18:03.822 [info] ExtensionService#_doActivateExtension vscode.git, startup: true, activationEvent: '*'
2023-05-16 10:18:03.822 [info] ExtensionService#_doActivateExtension vscode.github, startup: true, activationEvent: '*'
2023-05-16 10:18:06.005 [info] Eager extensions activated
2023-05-16 10:18:06.217 [info] ExtensionService#_doActivateExtension vscode.debug-auto-launch, startup: false, activationEvent: 'onStartupFinished'
2023-05-16 10:18:06.218 [info] ExtensionService#_doActivateExtension vscode.merge-conflict, startup: false, activationEvent: 'onStartupFinished'
2023-05-16 10:18:06.218 [info] ExtensionService#_doActivateExtension PKief.material-icon-theme, startup: false, activationEvent: 'onStartupFinished'
2023-05-16 10:18:26.828 [info] Extension host terminating: received terminate message from renderer
2023-05-16 10:18:27.005 [info] Extension host with pid 268811 exiting with code 0
2023-05-16 10:18:34.411 [info] Extension host with pid 269329 started
2023-05-16 10:18:34.411 [info] Skipping acquiring lock for /home/lxrdszn/.config/VSCodium/User/workspaceStorage/28a79ae15d65f744f6b02680c973b94a.
2023-05-16 10:18:35.012 [info] ExtensionService#_doActivateExtension vscode.git-base, startup: true, activationEvent: '*', root cause: vscode.git
2023-05-16 10:18:35.013 [info] ExtensionService#_doActivateExtension kisstkondoros.vscode-gutter-preview, startup: true, activationEvent: '*'
2023-05-16 10:18:35.014 [info] ExtensionService#_doActivateExtension yandeu.five-server, startup: true, activationEvent: '*'
2023-05-16 10:18:36.990 [info] ExtensionService#_doActivateExtension vscode.git, startup: true, activationEvent: '*'
2023-05-16 10:18:36.993 [info] ExtensionService#_doActivateExtension vscode.github, startup: true, activationEvent: '*'
2023-05-16 10:18:37.848 [info] Eager extensions activated
2023-05-16 10:18:38.267 [info] ExtensionService#_doActivateExtension vscode.debug-auto-launch, startup: false, activationEvent: 'onStartupFinished'
2023-05-16 10:18:38.268 [info] ExtensionService#_doActivateExtension vscode.merge-conflict, startup: false, activationEvent: 'onStartupFinished'
2023-05-16 10:18:38.268 [info] ExtensionService#_doActivateExtension PKief.material-icon-theme, startup: false, activationEvent: 'onStartupFinished'
2023-05-16 11:52:43.094 [info] Extension host terminating: received terminate message from renderer
2023-05-16 11:52:43.143 [info] Extension host with pid 269329 exiting with code 0
