2023-05-18 10:50:39.105 [warning] Via 'product.json#extensionEnabledApiProposals' extension 'ms-vscode.vscode-selfhost-test-provider' wants API proposal 'testContinuousRun' but that proposal DOES NOT EXIST. Likely, the proposal has been finalized (check 'vscode.d.ts') or was abandoned.
2023-05-18 10:50:39.131 [warning] Via 'product.json#extensionEnabledApiProposals' extension 'ms-vscode.remote-repositories' wants API proposal 'contribEditorGutterMenu' but that proposal DOES NOT EXIST. Likely, the proposal has been finalized (check 'vscode.d.ts') or was abandoned.
2023-05-18 10:50:39.134 [warning] Via 'product.json#extensionEnabledApiProposals' extension 'github.vscode-pull-request-github' wants API proposal 'contribEditorGutterMenu' but that proposal DOES NOT EXIST. Likely, the proposal has been finalized (check 'vscode.d.ts') or was abandoned.
2023-05-18 10:50:39.136 [warning] Via 'product.json#extensionEnabledApiProposals' extension 'ms-toolsai.jupyter' wants API proposal 'notebookControllerKind' but that proposal DOES NOT EXIST. Likely, the proposal has been finalized (check 'vscode.d.ts') or was abandoned.
2023-05-18 10:51:11.629 [warning] Via 'product.json#extensionEnabledApiProposals' extension 'ms-vscode.vscode-selfhost-test-provider' wants API proposal 'testContinuousRun' but that proposal DOES NOT EXIST. Likely, the proposal has been finalized (check 'vscode.d.ts') or was abandoned.
2023-05-18 10:51:11.652 [warning] Via 'product.json#extensionEnabledApiProposals' extension 'ms-vscode.remote-repositories' wants API proposal 'contribEditorGutterMenu' but that proposal DOES NOT EXIST. Likely, the proposal has been finalized (check 'vscode.d.ts') or was abandoned.
2023-05-18 10:51:11.653 [warning] Via 'product.json#extensionEnabledApiProposals' extension 'github.vscode-pull-request-github' wants API proposal 'contribEditorGutterMenu' but that proposal DOES NOT EXIST. Likely, the proposal has been finalized (check 'vscode.d.ts') or was abandoned.
2023-05-18 10:51:11.654 [warning] Via 'product.json#extensionEnabledApiProposals' extension 'ms-toolsai.jupyter' wants API proposal 'notebookControllerKind' but that proposal DOES NOT EXIST. Likely, the proposal has been finalized (check 'vscode.d.ts') or was abandoned.
2023-05-18 10:51:30.226 [error] ENOENT: no such file or directory, open '/home/lxrdszn/.config/VSCodium/User/workspaceStorage/131a4e41f57e60ddc883b06fa213f514/redhat.java/jdt_ws/.metadata/.log': Error: ENOENT: no such file or directory, open '/home/lxrdszn/.config/VSCodium/User/workspaceStorage/131a4e41f57e60ddc883b06fa213f514/redhat.java/jdt_ws/.metadata/.log'
2023-05-18 10:51:31.105 [info] [perf] Render performance baseline is 540ms
2023-05-18 10:51:39.505 [error] command 'sts.vscode-spring-boot.enableClasspathListening' not found: Error: command 'sts.vscode-spring-boot.enableClasspathListening' not found
    at b._tryExecuteCommand (vscode-file://vscode-app/usr/share/codium/resources/app/out/vs/workbench/workbench.desktop.main.js:1576:15967)
    at b.executeCommand (vscode-file://vscode-app/usr/share/codium/resources/app/out/vs/workbench/workbench.desktop.main.js:1576:15849)
    at process.processTicksAndRejections (node:internal/process/task_queues:96:5)
2023-05-18 10:52:54.767 [error] MainThreadFileSystem#$watch(): failed to stat a resource for file watching (extension: vscjava.vscode-java-test, path: file:///home/lxrdszn/NetBeansProjects/inventario_de_tenis/src/test/java, recursive: true, session: 0.9441663418510218): EntryNotFound (FileSystemError): Error: ENOENT: no such file or directory, stat '/home/lxrdszn/NetBeansProjects/inventario_de_tenis/src/test/java'
2023-05-18 10:52:54.778 [error] MainThreadFileSystem#$watch(): failed to stat a resource for file watching (extension: vscjava.vscode-java-test, path: file:///home/lxrdszn/NetBeansProjects/inventario_de_tenis/src/test/resources, recursive: true, session: 0.057615098326793346): EntryNotFound (FileSystemError): Error: ENOENT: no such file or directory, stat '/home/lxrdszn/NetBeansProjects/inventario_de_tenis/src/test/resources'
2023-05-18 10:52:54.804 [error] MainThreadFileSystem#$watch(): failed to stat a resource for file watching (extension: vscjava.vscode-java-test, path: file:///home/lxrdszn/NetBeansProjects/inventario_de_tenis/target/generated-test-sources/test-annotations, recursive: true, session: 0.019372580570860665): EntryNotFound (FileSystemError): Error: ENOENT: no such file or directory, stat '/home/lxrdszn/NetBeansProjects/inventario_de_tenis/target/generated-test-sources/test-annotations'
2023-05-18 10:52:55.814 [error] command 'sts.vscode-spring-boot.enableClasspathListening' not found: Error: command 'sts.vscode-spring-boot.enableClasspathListening' not found
    at b._tryExecuteCommand (vscode-file://vscode-app/usr/share/codium/resources/app/out/vs/workbench/workbench.desktop.main.js:1576:15967)
    at b.executeCommand (vscode-file://vscode-app/usr/share/codium/resources/app/out/vs/workbench/workbench.desktop.main.js:1576:15849)
    at process.processTicksAndRejections (node:internal/process/task_queues:96:5)
2023-05-18 11:07:34.124 [warning] Via 'product.json#extensionEnabledApiProposals' extension 'ms-vscode.vscode-selfhost-test-provider' wants API proposal 'testContinuousRun' but that proposal DOES NOT EXIST. Likely, the proposal has been finalized (check 'vscode.d.ts') or was abandoned.
2023-05-18 11:07:34.147 [warning] Via 'product.json#extensionEnabledApiProposals' extension 'ms-vscode.remote-repositories' wants API proposal 'contribEditorGutterMenu' but that proposal DOES NOT EXIST. Likely, the proposal has been finalized (check 'vscode.d.ts') or was abandoned.
2023-05-18 11:07:34.149 [warning] Via 'product.json#extensionEnabledApiProposals' extension 'github.vscode-pull-request-github' wants API proposal 'contribEditorGutterMenu' but that proposal DOES NOT EXIST. Likely, the proposal has been finalized (check 'vscode.d.ts') or was abandoned.
2023-05-18 11:07:34.150 [warning] Via 'product.json#extensionEnabledApiProposals' extension 'ms-toolsai.jupyter' wants API proposal 'notebookControllerKind' but that proposal DOES NOT EXIST. Likely, the proposal has been finalized (check 'vscode.d.ts') or was abandoned.
2023-05-18 11:07:45.845 [info] [perf] Render performance baseline is 302ms
2023-05-18 11:07:59.965 [info] UNRESPONSIVE extension host: received responsive event and cancelling profiling session
2023-05-18 11:08:01.871 [info] UNRESPONSIVE extension host: starting to profile NOW
2023-05-18 11:08:02.012 [error] ENOENT: no such file or directory, open '/home/lxrdszn/.config/VSCodium/User/workspaceStorage/7745d05bb8c1922f765d6f8c444a9f06/redhat.java/jdt_ws/.metadata/.log': Error: ENOENT: no such file or directory, open '/home/lxrdszn/.config/VSCodium/User/workspaceStorage/7745d05bb8c1922f765d6f8c444a9f06/redhat.java/jdt_ws/.metadata/.log'
2023-05-18 11:08:08.225 [error] command 'sts.vscode-spring-boot.enableClasspathListening' not found: Error: command 'sts.vscode-spring-boot.enableClasspathListening' not found
    at b._tryExecuteCommand (vscode-file://vscode-app/usr/share/codium/resources/app/out/vs/workbench/workbench.desktop.main.js:1576:15967)
    at b.executeCommand (vscode-file://vscode-app/usr/share/codium/resources/app/out/vs/workbench/workbench.desktop.main.js:1576:15849)
    at process.processTicksAndRejections (node:internal/process/task_queues:96:5)
2023-05-18 11:09:37.722 [error] command 'sts.vscode-spring-boot.enableClasspathListening' not found: Error: command 'sts.vscode-spring-boot.enableClasspathListening' not found
    at b._tryExecuteCommand (vscode-file://vscode-app/usr/share/codium/resources/app/out/vs/workbench/workbench.desktop.main.js:1576:15967)
    at b.executeCommand (vscode-file://vscode-app/usr/share/codium/resources/app/out/vs/workbench/workbench.desktop.main.js:1576:15849)
    at process.processTicksAndRejections (node:internal/process/task_queues:96:5)
