2023-05-18 10:50:40.733 [info] Added views:workbench.panel.markers.view in workbench.panel.markers
2023-05-18 10:50:40.733 [info] Added views:workbench.panel.output in workbench.panel.output
2023-05-18 10:50:40.733 [info] Added views:terminal in terminal
2023-05-18 10:50:40.733 [info] Added views:outline in workbench.view.explorer
2023-05-18 10:50:40.733 [info] Added views:workbench.scm in workbench.view.scm
2023-05-18 10:50:40.733 [info] Added views:workbench.view.search in workbench.view.search
2023-05-18 10:50:40.733 [info] Added views:timeline in workbench.view.explorer
2023-05-18 10:50:40.733 [info] Added views:workbench.explorer.fileView in workbench.view.explorer
2023-05-18 10:50:42.747 [info] Added views:workbench.debug.welcome in workbench.view.debug
2023-05-18 10:50:53.398 [info] Added views:workbench.panel.repl.view in workbench.panel.repl
2023-05-18 10:51:12.538 [info] Added views:workbench.panel.markers.view in workbench.panel.markers
2023-05-18 10:51:12.539 [info] Added views:workbench.panel.output in workbench.panel.output
2023-05-18 10:51:12.539 [info] Added views:terminal in terminal
2023-05-18 10:51:12.539 [info] Added views:outline in workbench.view.explorer
2023-05-18 10:51:12.539 [info] Added views:workbench.scm in workbench.view.scm
2023-05-18 10:51:12.539 [info] Added views:workbench.view.search in workbench.view.search
2023-05-18 10:51:12.539 [info] Added views:timeline in workbench.view.explorer
2023-05-18 10:51:12.539 [info] Added views:workbench.explorer.fileView in workbench.view.explorer
2023-05-18 10:51:16.354 [info] Added views:workbench.debug.variablesView,workbench.debug.watchExpressionsView,workbench.debug.callStackView,workbench.debug.breakPointsView in workbench.view.debug
2023-05-18 10:51:17.517 [info] Added views:workbench.panel.repl.view in workbench.panel.repl
2023-05-18 10:51:17.520 [info] Removed views:workbench.debug.breakPointsView,workbench.debug.callStackView,workbench.debug.watchExpressionsView,workbench.debug.variablesView from workbench.view.debug
2023-05-18 10:51:17.521 [info] Added views:workbench.debug.welcome in workbench.view.debug
2023-05-18 10:51:22.216 [info] Added views:javaProjectExplorer in workbench.view.explorer
2023-05-18 10:51:24.997 [info] Added views:mavenProjects in workbench.view.explorer
2023-05-18 10:52:54.041 [info] Added views:workbench.view.testing in workbench.view.extension.test
2023-05-18 11:07:29.621 [info] Removed views:workbench.view.testing from workbench.view.extension.test
2023-05-18 11:07:35.094 [info] Added views:workbench.panel.markers.view in workbench.panel.markers
2023-05-18 11:07:35.094 [info] Added views:workbench.panel.output in workbench.panel.output
2023-05-18 11:07:35.094 [info] Added views:terminal in terminal
2023-05-18 11:07:35.096 [info] Added views:outline in workbench.view.explorer
2023-05-18 11:07:35.096 [info] Added views:workbench.scm in workbench.view.scm
2023-05-18 11:07:35.096 [info] Added views:workbench.view.search in workbench.view.search
2023-05-18 11:07:35.096 [info] Added views:timeline in workbench.view.explorer
2023-05-18 11:07:35.096 [info] Added views:workbench.explorer.fileView in workbench.view.explorer
2023-05-18 11:07:38.880 [info] Added views:workbench.debug.variablesView,workbench.debug.watchExpressionsView,workbench.debug.callStackView,workbench.debug.breakPointsView in workbench.view.debug
2023-05-18 11:07:39.447 [info] Added views:workbench.panel.repl.view in workbench.panel.repl
2023-05-18 11:07:39.448 [info] Removed views:workbench.debug.breakPointsView,workbench.debug.callStackView,workbench.debug.watchExpressionsView,workbench.debug.variablesView from workbench.view.debug
2023-05-18 11:07:39.449 [info] Added views:workbench.debug.welcome in workbench.view.debug
2023-05-18 11:07:54.872 [info] Added views:javaProjectExplorer in workbench.view.explorer
2023-05-18 11:09:35.832 [info] Added views:workbench.view.testing in workbench.view.extension.test
2023-05-18 11:09:39.787 [info] Added views:workbench.debug.breakPointsView in workbench.view.debug
2023-05-18 11:10:11.534 [info] Removed views:workbench.debug.welcome from workbench.view.debug
2023-05-18 11:10:11.546 [info] Added views:workbench.debug.variablesView,workbench.debug.watchExpressionsView,workbench.debug.callStackView in workbench.view.debug
2023-05-18 11:24:46.052 [info] Removed views:workbench.debug.callStackView,workbench.debug.watchExpressionsView,workbench.debug.variablesView from workbench.view.debug
2023-05-18 11:24:46.058 [info] Added views:workbench.debug.welcome in workbench.view.debug
