WARNING: Using incubator modules: jdk.incubator.foreign, jdk.incubator.vector
[Error - 11:52:17] 18 may. 2023 10:52:17 Failed to create linked resource from file:///home/lxrdszn/NetBeansProjects/inventario_de_tenis/src/main/java/com/mycompany/inventario_de_tenis/Inventario_de_tenis.java to jdt.ls-java-project
Resource '/jdt.ls-java-project/src/com' already exists.
org.eclipse.core.internal.resources.ResourceException(/jdt.ls-java-project/src/com)[374]: java.lang.Exception: Resource '/jdt.ls-java-project/src/com' already exists.
	at org.eclipse.core.internal.resources.ResourceException.provideStackTrace(ResourceException.java:42)
	at org.eclipse.core.internal.resources.ResourceException.<init>(ResourceException.java:38)
	at org.eclipse.core.internal.resources.Resource.checkDoesNotExist(Resource.java:309)
	at org.eclipse.core.internal.resources.Resource.checkDoesNotExist(Resource.java:296)
	at org.eclipse.core.internal.resources.Folder.assertCreateRequirements(Folder.java:33)
	at org.eclipse.core.internal.resources.Folder.create(Folder.java:94)
	at org.eclipse.core.internal.resources.Folder.create(Folder.java:122)
	at org.eclipse.jdt.ls.core.internal.JDTUtils.createFolders(JDTUtils.java:292)
	at org.eclipse.jdt.ls.core.internal.JDTUtils.createFolders(JDTUtils.java:289)
	at org.eclipse.jdt.ls.core.internal.JDTUtils.createFolders(JDTUtils.java:289)
	at org.eclipse.jdt.ls.core.internal.JDTUtils.getFakeCompilationUnit(JDTUtils.java:273)
	at org.eclipse.jdt.ls.core.internal.JDTUtils.resolveCompilationUnit(JDTUtils.java:189)
	at org.eclipse.jdt.ls.core.internal.JDTUtils.resolveTypeRoot(JDTUtils.java:449)
	at org.eclipse.jdt.ls.core.internal.JDTUtils.resolveTypeRoot(JDTUtils.java:408)
	at org.eclipse.jdt.ls.core.internal.handlers.DocumentSymbolHandler.documentSymbol(DocumentSymbolHandler.java:75)
	at org.eclipse.jdt.ls.core.internal.syntaxserver.SyntaxLanguageServer.lambda$5(SyntaxLanguageServer.java:337)
	at org.eclipse.jdt.ls.core.internal.BaseJDTLanguageServer.lambda$0(BaseJDTLanguageServer.java:87)
	at java.base/java.util.concurrent.CompletableFuture$UniApply.tryFire(CompletableFuture.java:646)
	at java.base/java.util.concurrent.CompletableFuture$Completion.run(CompletableFuture.java:482)
	at java.base/java.lang.Thread.run(Thread.java:833)

