2023-05-18 14:46:54.772 [warning] Via 'product.json#extensionEnabledApiProposals' extension 'ms-vscode.vscode-selfhost-test-provider' wants API proposal 'testContinuousRun' but that proposal DOES NOT EXIST. Likely, the proposal has been finalized (check 'vscode.d.ts') or was abandoned.
2023-05-18 14:46:54.796 [warning] Via 'product.json#extensionEnabledApiProposals' extension 'ms-vscode.remote-repositories' wants API proposal 'contribEditorGutterMenu' but that proposal DOES NOT EXIST. Likely, the proposal has been finalized (check 'vscode.d.ts') or was abandoned.
2023-05-18 14:46:54.797 [warning] Via 'product.json#extensionEnabledApiProposals' extension 'github.vscode-pull-request-github' wants API proposal 'contribEditorGutterMenu' but that proposal DOES NOT EXIST. Likely, the proposal has been finalized (check 'vscode.d.ts') or was abandoned.
2023-05-18 14:46:54.808 [warning] Via 'product.json#extensionEnabledApiProposals' extension 'ms-toolsai.jupyter' wants API proposal 'notebookControllerKind' but that proposal DOES NOT EXIST. Likely, the proposal has been finalized (check 'vscode.d.ts') or was abandoned.
2023-05-18 14:47:29.196 [error] command 'sts.vscode-spring-boot.enableClasspathListening' not found: Error: command 'sts.vscode-spring-boot.enableClasspathListening' not found
    at b._tryExecuteCommand (vscode-file://vscode-app/usr/share/codium/resources/app/out/vs/workbench/workbench.desktop.main.js:1576:15967)
    at b.executeCommand (vscode-file://vscode-app/usr/share/codium/resources/app/out/vs/workbench/workbench.desktop.main.js:1576:15849)
    at process.processTicksAndRejections (node:internal/process/task_queues:96:5)
2023-05-18 14:47:29.845 [info] [perf] Render performance baseline is 789ms
2023-05-18 14:47:57.606 [warning] Via 'product.json#extensionEnabledApiProposals' extension 'ms-vscode.vscode-selfhost-test-provider' wants API proposal 'testContinuousRun' but that proposal DOES NOT EXIST. Likely, the proposal has been finalized (check 'vscode.d.ts') or was abandoned.
2023-05-18 14:47:57.707 [warning] Via 'product.json#extensionEnabledApiProposals' extension 'ms-vscode.remote-repositories' wants API proposal 'contribEditorGutterMenu' but that proposal DOES NOT EXIST. Likely, the proposal has been finalized (check 'vscode.d.ts') or was abandoned.
2023-05-18 14:47:57.721 [warning] Via 'product.json#extensionEnabledApiProposals' extension 'github.vscode-pull-request-github' wants API proposal 'contribEditorGutterMenu' but that proposal DOES NOT EXIST. Likely, the proposal has been finalized (check 'vscode.d.ts') or was abandoned.
2023-05-18 14:47:57.727 [warning] Via 'product.json#extensionEnabledApiProposals' extension 'ms-toolsai.jupyter' wants API proposal 'notebookControllerKind' but that proposal DOES NOT EXIST. Likely, the proposal has been finalized (check 'vscode.d.ts') or was abandoned.
2023-05-18 14:48:23.697 [info] [perf] Render performance baseline is 118ms
2023-05-18 14:48:52.660 [info] UNRESPONSIVE extension host: received responsive event and cancelling profiling session
2023-05-18 14:48:55.962 [info] UNRESPONSIVE extension host: starting to profile NOW
2023-05-18 14:48:57.187 [error] ENOENT: no such file or directory, open '/home/lxrdszn/.config/VSCodium/User/workspaceStorage/72acf8b548c0620c607f61dac0269d53/redhat.java/jdt_ws/.metadata/.log': Error: ENOENT: no such file or directory, open '/home/lxrdszn/.config/VSCodium/User/workspaceStorage/72acf8b548c0620c607f61dac0269d53/redhat.java/jdt_ws/.metadata/.log'
2023-05-18 14:48:58.634 [error] command 'sts.vscode-spring-boot.enableClasspathListening' not found: Error: command 'sts.vscode-spring-boot.enableClasspathListening' not found
    at b._tryExecuteCommand (vscode-file://vscode-app/usr/share/codium/resources/app/out/vs/workbench/workbench.desktop.main.js:1576:15967)
    at b.executeCommand (vscode-file://vscode-app/usr/share/codium/resources/app/out/vs/workbench/workbench.desktop.main.js:1576:15849)
    at process.processTicksAndRejections (node:internal/process/task_queues:96:5)
2023-05-18 14:50:50.431 [error] command 'sts.vscode-spring-boot.enableClasspathListening' not found: Error: command 'sts.vscode-spring-boot.enableClasspathListening' not found
    at b._tryExecuteCommand (vscode-file://vscode-app/usr/share/codium/resources/app/out/vs/workbench/workbench.desktop.main.js:1576:15967)
    at b.executeCommand (vscode-file://vscode-app/usr/share/codium/resources/app/out/vs/workbench/workbench.desktop.main.js:1576:15849)
    at process.processTicksAndRejections (node:internal/process/task_queues:96:5)
