2023-05-18 14:46:55.927 [info] Added views:workbench.panel.markers.view in workbench.panel.markers
2023-05-18 14:46:55.928 [info] Added views:workbench.panel.output in workbench.panel.output
2023-05-18 14:46:55.928 [info] Added views:terminal in terminal
2023-05-18 14:46:55.928 [info] Added views:outline in workbench.view.explorer
2023-05-18 14:46:55.928 [info] Added views:workbench.scm in workbench.view.scm
2023-05-18 14:46:55.928 [info] Added views:workbench.view.search in workbench.view.search
2023-05-18 14:46:55.928 [info] Added views:timeline in workbench.view.explorer
2023-05-18 14:46:55.928 [info] Added views:workbench.explorer.fileView in workbench.view.explorer
2023-05-18 14:46:57.187 [info] Added views:workbench.debug.welcome in workbench.view.debug
2023-05-18 14:47:11.011 [info] Added views:workbench.panel.repl.view in workbench.panel.repl
2023-05-18 14:47:13.466 [info] Added views:javaProjectExplorer in workbench.view.explorer
2023-05-18 14:48:00.822 [info] Added views:workbench.panel.markers.view in workbench.panel.markers
2023-05-18 14:48:00.822 [info] Added views:workbench.panel.output in workbench.panel.output
2023-05-18 14:48:00.823 [info] Added views:terminal in terminal
2023-05-18 14:48:00.823 [info] Added views:outline in workbench.view.explorer
2023-05-18 14:48:00.823 [info] Added views:workbench.scm in workbench.view.scm
2023-05-18 14:48:00.823 [info] Added views:workbench.view.search in workbench.view.search
2023-05-18 14:48:00.823 [info] Added views:timeline in workbench.view.explorer
2023-05-18 14:48:00.823 [info] Added views:workbench.explorer.fileView in workbench.view.explorer
2023-05-18 14:48:08.268 [info] Added views:workbench.debug.variablesView,workbench.debug.watchExpressionsView,workbench.debug.callStackView,workbench.debug.breakPointsView in workbench.view.debug
2023-05-18 14:48:09.376 [info] Added views:workbench.panel.repl.view in workbench.panel.repl
2023-05-18 14:48:09.389 [info] Removed views:workbench.debug.breakPointsView,workbench.debug.callStackView,workbench.debug.watchExpressionsView,workbench.debug.variablesView from workbench.view.debug
2023-05-18 14:48:09.393 [info] Added views:workbench.debug.welcome in workbench.view.debug
2023-05-18 14:48:46.827 [info] Added views:javaProjectExplorer in workbench.view.explorer
2023-05-18 14:50:47.048 [info] Added views:workbench.view.testing in workbench.view.extension.test
2023-05-18 14:50:49.844 [info] Added views:workbench.debug.breakPointsView in workbench.view.debug
2023-05-18 14:58:24.306 [info] Removed views:workbench.debug.welcome from workbench.view.debug
2023-05-18 14:58:24.323 [info] Added views:workbench.debug.variablesView,workbench.debug.watchExpressionsView,workbench.debug.callStackView in workbench.view.debug
2023-05-18 14:58:28.432 [info] Removed views:workbench.debug.callStackView,workbench.debug.watchExpressionsView,workbench.debug.variablesView from workbench.view.debug
2023-05-18 14:58:28.439 [info] Added views:workbench.debug.welcome in workbench.view.debug
2023-05-18 14:59:42.218 [info] Removed views:workbench.view.testing from workbench.view.extension.test
