[Info  - 20:43:16] Angular language server process ID: 439451
[Info  - 20:43:16] Using typescript/lib/tsserverlibrary v4.8.2 from /home/lxrdszn/.vscode-oss/extensions/angular.ng-template-16.0.0-universal/node_modules/typescript/lib/tsserverlibrary.js
[Info  - 20:43:16] Using @angular/language-service v16.0.0 from /home/lxrdszn/.vscode-oss/extensions/angular.ng-template-16.0.0-universal/node_modules/@angular/language-service/index.js
[Info  - 20:43:16] Logging is turned off. To enable, run command 'Open Angular server log'.
[Error - 20:43:30] No config file for /home/lxrdszn/Desktop/EXpoweb_v1/index.html
[Error - 20:43:30] No config file for /home/lxrdszn/Desktop/EXpoweb_v1/index.html
[Error - 20:43:30] No config file for /home/lxrdszn/Desktop/EXpoweb_v1/index.html
[Error - 20:43:30] No config file for /home/lxrdszn/Desktop/EXpoweb_v1/index.html
[Error - 20:43:30] No config file for /home/lxrdszn/Desktop/EXpoweb_v1/index.html
[Error - 20:43:31] No config file for /home/lxrdszn/Desktop/EXpoweb_v1/index.html
[Error - 20:43:31] No config file for /home/lxrdszn/Desktop/EXpoweb_v1/index.html
[Error - 20:43:31] No config file for /home/lxrdszn/Desktop/EXpoweb_v1/index.html
[Error - 20:43:32] No config file for /home/lxrdszn/Desktop/EXpoweb_v1/index.html
[Error - 20:43:32] No config file for /home/lxrdszn/Desktop/EXpoweb_v1/index.html
[Error - 20:43:34] No config file for /home/lxrdszn/Desktop/EXpoweb_v1/index.html
[Error - 20:43:35] No config file for /home/lxrdszn/Desktop/EXpoweb_v1/index.html
[Error - 20:43:36] No config file for /home/lxrdszn/Desktop/EXpoweb_v1/index.html
[Error - 20:43:37] No config file for /home/lxrdszn/Desktop/EXpoweb_v1/index.html
[Error - 20:43:38] No config file for /home/lxrdszn/Desktop/EXpoweb_v1/index.html
[Error - 20:43:39] No config file for /home/lxrdszn/Desktop/EXpoweb_v1/index.html
[Error - 20:43:40] No config file for /home/lxrdszn/Desktop/EXpoweb_v1/index.html
[Error - 20:43:42] No config file for /home/lxrdszn/Desktop/EXpoweb_v1/index.html
[Error - 20:43:42] No config file for /home/lxrdszn/Desktop/EXpoweb_v1/index.html
[Error - 20:43:44] No config file for /home/lxrdszn/Desktop/EXpoweb_v1/index.html
[Error - 20:43:44] No config file for /home/lxrdszn/Desktop/EXpoweb_v1/index.html
[Error - 20:43:55] No config file for /home/lxrdszn/Desktop/EXpoweb_v1/index.html
[Error - 20:43:57] No config file for /home/lxrdszn/Desktop/EXpoweb_v1/index.html
[Error - 20:44:00] No config file for /home/lxrdszn/Desktop/EXpoweb_v1/index.html
[Error - 20:44:01] No config file for /home/lxrdszn/Desktop/EXpoweb_v1/index.html
[Error - 20:44:02] No config file for /home/lxrdszn/Desktop/EXpoweb_v1/index.html
[Error - 20:44:02] No config file for /home/lxrdszn/Desktop/EXpoweb_v1/index.html
[Error - 20:44:03] No config file for /home/lxrdszn/Desktop/EXpoweb_v1/index.html
[Error - 20:44:04] No config file for /home/lxrdszn/Desktop/EXpoweb_v1/index.html
[Error - 20:44:05] No config file for /home/lxrdszn/Desktop/EXpoweb_v1/index.html
[Error - 20:44:05] No config file for /home/lxrdszn/Desktop/EXpoweb_v1/index.html
[Error - 20:44:05] No config file for /home/lxrdszn/Desktop/EXpoweb_v1/index.html
[Error - 20:44:08] No config file for /home/lxrdszn/Desktop/EXpoweb_v1/index.html
[Error - 20:44:08] No config file for /home/lxrdszn/Desktop/EXpoweb_v1/index.html
[Error - 20:44:08] No config file for /home/lxrdszn/Desktop/EXpoweb_v1/index.html
[Error - 20:44:09] No config file for /home/lxrdszn/Desktop/EXpoweb_v1/index.html
[Error - 20:44:10] No config file for /home/lxrdszn/Desktop/EXpoweb_v1/index.html
[Error - 20:44:11] No config file for /home/lxrdszn/Desktop/EXpoweb_v1/index.html
[Error - 20:44:13] No config file for /home/lxrdszn/Desktop/EXpoweb_v1/index.html
[Error - 20:44:13] No config file for /home/lxrdszn/Desktop/EXpoweb_v1/index.html
[Error - 20:44:15] No config file for /home/lxrdszn/Desktop/EXpoweb_v1/index.html
[Error - 20:44:16] No config file for /home/lxrdszn/Desktop/EXpoweb_v1/index.html
[Error - 20:44:17] No config file for /home/lxrdszn/Desktop/EXpoweb_v1/index.html
[Error - 20:44:17] No config file for /home/lxrdszn/Desktop/EXpoweb_v1/index.html
[Error - 20:44:19] No config file for /home/lxrdszn/Desktop/EXpoweb_v1/index.html
[Error - 20:44:19] No config file for /home/lxrdszn/Desktop/EXpoweb_v1/index.html
[Error - 20:44:19] No config file for /home/lxrdszn/Desktop/EXpoweb_v1/index.html
[Error - 20:44:19] No config file for /home/lxrdszn/Desktop/EXpoweb_v1/index.html
[Error - 20:44:20] No config file for /home/lxrdszn/Desktop/EXpoweb_v1/index.html
[Error - 20:44:20] No config file for /home/lxrdszn/Desktop/EXpoweb_v1/index.html
[Error - 20:44:20] No config file for /home/lxrdszn/Desktop/EXpoweb_v1/index.html
[Error - 20:44:20] No config file for /home/lxrdszn/Desktop/EXpoweb_v1/index.html
[Error - 20:44:21] No config file for /home/lxrdszn/Desktop/EXpoweb_v1/index.html
[Error - 20:44:21] No config file for /home/lxrdszn/Desktop/EXpoweb_v1/index.html
[Error - 20:44:21] No config file for /home/lxrdszn/Desktop/EXpoweb_v1/index.html
[Error - 20:44:21] No config file for /home/lxrdszn/Desktop/EXpoweb_v1/index.html
[Error - 20:44:22] No config file for /home/lxrdszn/Desktop/EXpoweb_v1/index.html
[Error - 20:44:22] No config file for /home/lxrdszn/Desktop/EXpoweb_v1/index.html
[Error - 20:44:22] No config file for /home/lxrdszn/Desktop/EXpoweb_v1/index.html
[Error - 20:44:24] No config file for /home/lxrdszn/Desktop/EXpoweb_v1/index.html
[Error - 20:44:25] No config file for /home/lxrdszn/Desktop/EXpoweb_v1/index.html
[Error - 20:44:26] No config file for /home/lxrdszn/Desktop/EXpoweb_v1/index.html
[Error - 20:45:06] No config file for /home/lxrdszn/Desktop/EXpoweb_v1/index.html
[Error - 20:45:09] No config file for /home/lxrdszn/Desktop/EXpoweb_v1/index.html
[Error - 20:45:09] No config file for /home/lxrdszn/Desktop/EXpoweb_v1/index.html
[Error - 20:45:11] No config file for /home/lxrdszn/Desktop/EXpoweb_v1/index.html
[Error - 20:45:11] No config file for /home/lxrdszn/Desktop/EXpoweb_v1/index.html
[Error - 20:54:10] No config file for /home/lxrdszn/Desktop/EXpoweb_v1/index.html
[Error - 20:54:11] No config file for /home/lxrdszn/Desktop/EXpoweb_v1/index.html
[Error - 20:54:20] No config file for /home/lxrdszn/Desktop/EXpoweb_v1/index.html
[Error - 20:54:21] No config file for /home/lxrdszn/Desktop/EXpoweb_v1/index.html
[Error - 20:54:53] No config file for /home/lxrdszn/Desktop/EXpoweb_v1/index.html
[Error - 20:54:54] No config file for /home/lxrdszn/Desktop/EXpoweb_v1/index.html
[Error - 20:55:02] No config file for /home/lxrdszn/Desktop/EXpoweb_v1/index.html
[Error - 20:55:02] No config file for /home/lxrdszn/Desktop/EXpoweb_v1/index.html
[Error - 20:55:03] No config file for /home/lxrdszn/Desktop/EXpoweb_v1/index.html
[Error - 20:55:04] No config file for /home/lxrdszn/Desktop/EXpoweb_v1/index.html
[Error - 20:55:06] No config file for /home/lxrdszn/Desktop/EXpoweb_v1/index.html
[Error - 20:55:07] No config file for /home/lxrdszn/Desktop/EXpoweb_v1/index.html
[Error - 20:55:08] No config file for /home/lxrdszn/Desktop/EXpoweb_v1/index.html
[Error - 20:55:12] No config file for /home/lxrdszn/Desktop/EXpoweb_v1/index.html
[Error - 20:55:12] No config file for /home/lxrdszn/Desktop/EXpoweb_v1/index.html
[Error - 20:55:13] No config file for /home/lxrdszn/Desktop/EXpoweb_v1/index.html
[Error - 20:55:14] No config file for /home/lxrdszn/Desktop/EXpoweb_v1/index.html
[Error - 20:55:17] No config file for /home/lxrdszn/Desktop/EXpoweb_v1/index.html
[Error - 20:55:20] No config file for /home/lxrdszn/Desktop/EXpoweb_v1/index.html
[Error - 20:55:20] No config file for /home/lxrdszn/Desktop/EXpoweb_v1/index.html
[Error - 20:55:21] No config file for /home/lxrdszn/Desktop/EXpoweb_v1/index.html
[Error - 20:55:21] No config file for /home/lxrdszn/Desktop/EXpoweb_v1/index.html
[Error - 20:55:21] No config file for /home/lxrdszn/Desktop/EXpoweb_v1/index.html
[Error - 20:55:22] No config file for /home/lxrdszn/Desktop/EXpoweb_v1/index.html
[Error - 20:55:23] No config file for /home/lxrdszn/Desktop/EXpoweb_v1/index.html
[Error - 20:55:23] No config file for /home/lxrdszn/Desktop/EXpoweb_v1/index.html
[Error - 20:55:24] No config file for /home/lxrdszn/Desktop/EXpoweb_v1/index.html
[Error - 20:55:26] No config file for /home/lxrdszn/Desktop/EXpoweb_v1/index.html
[Error - 20:55:33] No config file for /home/lxrdszn/Desktop/EXpoweb_v1/index.html
[Error - 20:56:15] No config file for /home/lxrdszn/Desktop/EXpoweb_v1/index.html
[Error - 20:56:58] No config file for /home/lxrdszn/Desktop/EXpoweb_v1/index.html
[Error - 20:57:01] No config file for /home/lxrdszn/Desktop/EXpoweb_v1/index.html
[Error - 20:57:06] No config file for /home/lxrdszn/Desktop/EXpoweb_v1/index.html
[Error - 20:57:09] No config file for /home/lxrdszn/Desktop/EXpoweb_v1/index.html
[Error - 20:57:23] No config file for /home/lxrdszn/Desktop/EXpoweb_v1/index.html
[Error - 20:57:32] No config file for /home/lxrdszn/Desktop/EXpoweb_v1/index.html
[Error - 20:59:07] No config file for /home/lxrdszn/Desktop/EXpoweb_v1/index.html
[Error - 20:59:08] No config file for /home/lxrdszn/Desktop/EXpoweb_v1/index.html
[Error - 21:01:00] No config file for /home/lxrdszn/Desktop/EXpoweb_v1/index.html
[Error - 21:01:00] No config file for /home/lxrdszn/Desktop/EXpoweb_v1/index.html
[Error - 21:01:00] No config file for /home/lxrdszn/Desktop/EXpoweb_v1/index.html
[Error - 21:01:00] No config file for /home/lxrdszn/Desktop/EXpoweb_v1/index.html
[Error - 21:01:01] No config file for /home/lxrdszn/Desktop/EXpoweb_v1/index.html
[Error - 21:01:01] No config file for /home/lxrdszn/Desktop/EXpoweb_v1/index.html
[Error - 21:01:02] No config file for /home/lxrdszn/Desktop/EXpoweb_v1/index.html
[Error - 21:01:02] No config file for /home/lxrdszn/Desktop/EXpoweb_v1/index.html
[Error - 21:01:03] No config file for /home/lxrdszn/Desktop/EXpoweb_v1/index.html
[Error - 21:01:03] No config file for /home/lxrdszn/Desktop/EXpoweb_v1/index.html
[Error - 21:01:03] No config file for /home/lxrdszn/Desktop/EXpoweb_v1/index.html
[Error - 21:01:04] No config file for /home/lxrdszn/Desktop/EXpoweb_v1/index.html
[Error - 21:01:04] No config file for /home/lxrdszn/Desktop/EXpoweb_v1/index.html
[Error - 21:01:04] No config file for /home/lxrdszn/Desktop/EXpoweb_v1/index.html
[Error - 21:01:04] No config file for /home/lxrdszn/Desktop/EXpoweb_v1/index.html
[Error - 21:01:04] No config file for /home/lxrdszn/Desktop/EXpoweb_v1/index.html
[Error - 21:01:04] No config file for /home/lxrdszn/Desktop/EXpoweb_v1/index.html
[Error - 21:01:04] No config file for /home/lxrdszn/Desktop/EXpoweb_v1/index.html
[Error - 21:01:04] No config file for /home/lxrdszn/Desktop/EXpoweb_v1/index.html
[Error - 21:01:04] No config file for /home/lxrdszn/Desktop/EXpoweb_v1/index.html
[Error - 21:01:04] No config file for /home/lxrdszn/Desktop/EXpoweb_v1/index.html
[Error - 21:01:04] No config file for /home/lxrdszn/Desktop/EXpoweb_v1/index.html
[Error - 21:01:04] No config file for /home/lxrdszn/Desktop/EXpoweb_v1/index.html
[Error - 21:01:05] No config file for /home/lxrdszn/Desktop/EXpoweb_v1/index.html
[Error - 21:01:05] No config file for /home/lxrdszn/Desktop/EXpoweb_v1/index.html
[Error - 21:01:05] No config file for /home/lxrdszn/Desktop/EXpoweb_v1/index.html
[Error - 21:01:05] No config file for /home/lxrdszn/Desktop/EXpoweb_v1/index.html
[Error - 21:01:05] No config file for /home/lxrdszn/Desktop/EXpoweb_v1/index.html
[Error - 21:01:06] No config file for /home/lxrdszn/Desktop/EXpoweb_v1/index.html
[Error - 21:01:06] No config file for /home/lxrdszn/Desktop/EXpoweb_v1/index.html
[Error - 21:01:06] No config file for /home/lxrdszn/Desktop/EXpoweb_v1/index.html
[Error - 21:01:06] No config file for /home/lxrdszn/Desktop/EXpoweb_v1/index.html
[Error - 21:01:06] No config file for /home/lxrdszn/Desktop/EXpoweb_v1/index.html
[Error - 21:01:06] No config file for /home/lxrdszn/Desktop/EXpoweb_v1/index.html
[Error - 21:01:09] No config file for /home/lxrdszn/Desktop/EXpoweb_v1/index.html
[Error - 21:01:09] No config file for /home/lxrdszn/Desktop/EXpoweb_v1/index.html
[Error - 21:01:10] No config file for /home/lxrdszn/Desktop/EXpoweb_v1/index.html
[Error - 21:01:12] No config file for /home/lxrdszn/Desktop/EXpoweb_v1/index.html
[Error - 21:01:12] No config file for /home/lxrdszn/Desktop/EXpoweb_v1/index.html
[Error - 21:01:12] No config file for /home/lxrdszn/Desktop/EXpoweb_v1/index.html
[Error - 21:01:12] No config file for /home/lxrdszn/Desktop/EXpoweb_v1/index.html
[Error - 21:01:13] No config file for /home/lxrdszn/Desktop/EXpoweb_v1/index.html
[Error - 21:01:13] No config file for /home/lxrdszn/Desktop/EXpoweb_v1/index.html
[Error - 21:01:13] No config file for /home/lxrdszn/Desktop/EXpoweb_v1/index.html
[Error - 21:01:13] No config file for /home/lxrdszn/Desktop/EXpoweb_v1/index.html
[Error - 21:01:13] No config file for /home/lxrdszn/Desktop/EXpoweb_v1/index.html
[Error - 21:01:15] No config file for /home/lxrdszn/Desktop/EXpoweb_v1/index.html
[Error - 21:01:23] No config file for /home/lxrdszn/Desktop/EXpoweb_v1/index.html
[Error - 21:01:23] No config file for /home/lxrdszn/Desktop/EXpoweb_v1/index.html
[Error - 21:01:23] No config file for /home/lxrdszn/Desktop/EXpoweb_v1/index.html
[Error - 21:01:23] No config file for /home/lxrdszn/Desktop/EXpoweb_v1/index.html
[Error - 21:01:23] No config file for /home/lxrdszn/Desktop/EXpoweb_v1/index.html
[Error - 21:01:23] No config file for /home/lxrdszn/Desktop/EXpoweb_v1/index.html
[Error - 21:01:23] No config file for /home/lxrdszn/Desktop/EXpoweb_v1/index.html
[Error - 21:01:24] No config file for /home/lxrdszn/Desktop/EXpoweb_v1/index.html
[Error - 21:01:24] No config file for /home/lxrdszn/Desktop/EXpoweb_v1/index.html
[Error - 21:01:25] No config file for /home/lxrdszn/Desktop/EXpoweb_v1/index.html
[Error - 21:01:26] No config file for /home/lxrdszn/Desktop/EXpoweb_v1/index.html
[Error - 21:01:26] No config file for /home/lxrdszn/Desktop/EXpoweb_v1/index.html
[Error - 21:01:27] No config file for /home/lxrdszn/Desktop/EXpoweb_v1/index.html
[Error - 21:01:28] No config file for /home/lxrdszn/Desktop/EXpoweb_v1/index.html
[Error - 21:01:29] No config file for /home/lxrdszn/Desktop/EXpoweb_v1/index.html
[Error - 21:01:30] No config file for /home/lxrdszn/Desktop/EXpoweb_v1/index.html
[Error - 21:01:30] No config file for /home/lxrdszn/Desktop/EXpoweb_v1/index.html
[Error - 21:01:30] No config file for /home/lxrdszn/Desktop/EXpoweb_v1/index.html
[Error - 21:01:33] No config file for /home/lxrdszn/Desktop/EXpoweb_v1/index.html
[Error - 21:01:34] No config file for /home/lxrdszn/Desktop/EXpoweb_v1/index.html
[Error - 21:01:41] No config file for /home/lxrdszn/Desktop/EXpoweb_v1/index.html
[Error - 21:01:41] No config file for /home/lxrdszn/Desktop/EXpoweb_v1/index.html
[Error - 21:01:42] No config file for /home/lxrdszn/Desktop/EXpoweb_v1/index.html
[Error - 21:01:44] No config file for /home/lxrdszn/Desktop/EXpoweb_v1/index.html
[Error - 21:01:44] No config file for /home/lxrdszn/Desktop/EXpoweb_v1/index.html
[Error - 21:01:44] No config file for /home/lxrdszn/Desktop/EXpoweb_v1/index.html
[Error - 21:01:44] No config file for /home/lxrdszn/Desktop/EXpoweb_v1/index.html
[Error - 21:01:44] No config file for /home/lxrdszn/Desktop/EXpoweb_v1/index.html
[Error - 21:01:45] No config file for /home/lxrdszn/Desktop/EXpoweb_v1/index.html
[Error - 21:01:45] No config file for /home/lxrdszn/Desktop/EXpoweb_v1/index.html
[Error - 21:01:45] No config file for /home/lxrdszn/Desktop/EXpoweb_v1/index.html
[Error - 21:01:45] No config file for /home/lxrdszn/Desktop/EXpoweb_v1/index.html
[Error - 21:01:45] No config file for /home/lxrdszn/Desktop/EXpoweb_v1/index.html
[Error - 21:01:46] No config file for /home/lxrdszn/Desktop/EXpoweb_v1/index.html
[Error - 21:01:46] No config file for /home/lxrdszn/Desktop/EXpoweb_v1/index.html
[Error - 21:01:46] No config file for /home/lxrdszn/Desktop/EXpoweb_v1/index.html
[Error - 21:01:46] No config file for /home/lxrdszn/Desktop/EXpoweb_v1/index.html
[Error - 21:01:49] No config file for /home/lxrdszn/Desktop/EXpoweb_v1/index.html
[Error - 21:01:52] No config file for /home/lxrdszn/Desktop/EXpoweb_v1/index.html
[Error - 21:01:52] No config file for /home/lxrdszn/Desktop/EXpoweb_v1/index.html
[Error - 21:01:53] No config file for /home/lxrdszn/Desktop/EXpoweb_v1/index.html
[Error - 21:01:53] No config file for /home/lxrdszn/Desktop/EXpoweb_v1/index.html
[Error - 21:01:53] No config file for /home/lxrdszn/Desktop/EXpoweb_v1/index.html
[Error - 21:01:54] No config file for /home/lxrdszn/Desktop/EXpoweb_v1/index.html
[Error - 21:01:57] No config file for /home/lxrdszn/Desktop/EXpoweb_v1/index.html
[Error - 21:01:57] No config file for /home/lxrdszn/Desktop/EXpoweb_v1/index.html
[Error - 21:01:58] No config file for /home/lxrdszn/Desktop/EXpoweb_v1/index.html
[Error - 21:01:58] No config file for /home/lxrdszn/Desktop/EXpoweb_v1/index.html
[Error - 21:01:58] No config file for /home/lxrdszn/Desktop/EXpoweb_v1/index.html
[Error - 21:01:58] No config file for /home/lxrdszn/Desktop/EXpoweb_v1/index.html
[Error - 21:01:59] No config file for /home/lxrdszn/Desktop/EXpoweb_v1/index.html
[Error - 21:02:00] No config file for /home/lxrdszn/Desktop/EXpoweb_v1/index.html
[Error - 21:02:01] No config file for /home/lxrdszn/Desktop/EXpoweb_v1/index.html
[Error - 21:02:01] No config file for /home/lxrdszn/Desktop/EXpoweb_v1/index.html
[Error - 21:02:02] No config file for /home/lxrdszn/Desktop/EXpoweb_v1/index.html
[Error - 21:02:02] No config file for /home/lxrdszn/Desktop/EXpoweb_v1/index.html
[Error - 21:02:02] No config file for /home/lxrdszn/Desktop/EXpoweb_v1/index.html
[Error - 21:02:02] No config file for /home/lxrdszn/Desktop/EXpoweb_v1/index.html
[Error - 21:02:02] No config file for /home/lxrdszn/Desktop/EXpoweb_v1/index.html
[Error - 21:02:04] No config file for /home/lxrdszn/Desktop/EXpoweb_v1/index.html
[Error - 21:02:05] No config file for /home/lxrdszn/Desktop/EXpoweb_v1/index.html
[Error - 21:02:06] No config file for /home/lxrdszn/Desktop/EXpoweb_v1/index.html
[Error - 21:02:06] No config file for /home/lxrdszn/Desktop/EXpoweb_v1/index.html
[Error - 21:02:07] No config file for /home/lxrdszn/Desktop/EXpoweb_v1/index.html
[Error - 21:02:08] No config file for /home/lxrdszn/Desktop/EXpoweb_v1/index.html
[Error - 21:02:09] No config file for /home/lxrdszn/Desktop/EXpoweb_v1/index.html
[Error - 21:02:10] No config file for /home/lxrdszn/Desktop/EXpoweb_v1/index.html
[Error - 21:02:11] No config file for /home/lxrdszn/Desktop/EXpoweb_v1/index.html
[Error - 21:02:11] No config file for /home/lxrdszn/Desktop/EXpoweb_v1/index.html
[Error - 21:02:11] No config file for /home/lxrdszn/Desktop/EXpoweb_v1/index.html
[Error - 21:02:11] No config file for /home/lxrdszn/Desktop/EXpoweb_v1/index.html
[Error - 21:02:11] No config file for /home/lxrdszn/Desktop/EXpoweb_v1/index.html
[Error - 21:02:12] No config file for /home/lxrdszn/Desktop/EXpoweb_v1/index.html
[Error - 21:02:12] No config file for /home/lxrdszn/Desktop/EXpoweb_v1/index.html
[Error - 21:02:12] No config file for /home/lxrdszn/Desktop/EXpoweb_v1/index.html
[Error - 21:02:12] No config file for /home/lxrdszn/Desktop/EXpoweb_v1/index.html
[Error - 21:02:12] No config file for /home/lxrdszn/Desktop/EXpoweb_v1/index.html
[Error - 21:02:12] No config file for /home/lxrdszn/Desktop/EXpoweb_v1/index.html
[Error - 21:02:13] No config file for /home/lxrdszn/Desktop/EXpoweb_v1/index.html
[Error - 21:02:13] No config file for /home/lxrdszn/Desktop/EXpoweb_v1/index.html
[Error - 21:02:13] No config file for /home/lxrdszn/Desktop/EXpoweb_v1/index.html
[Error - 21:02:13] No config file for /home/lxrdszn/Desktop/EXpoweb_v1/index.html
[Error - 21:02:13] No config file for /home/lxrdszn/Desktop/EXpoweb_v1/index.html
[Error - 21:02:13] No config file for /home/lxrdszn/Desktop/EXpoweb_v1/index.html
[Error - 21:02:13] No config file for /home/lxrdszn/Desktop/EXpoweb_v1/index.html
[Error - 21:02:13] No config file for /home/lxrdszn/Desktop/EXpoweb_v1/index.html
[Error - 21:02:13] No config file for /home/lxrdszn/Desktop/EXpoweb_v1/index.html
[Error - 21:02:14] No config file for /home/lxrdszn/Desktop/EXpoweb_v1/index.html
[Error - 21:02:15] No config file for /home/lxrdszn/Desktop/EXpoweb_v1/index.html
[Error - 21:02:15] No config file for /home/lxrdszn/Desktop/EXpoweb_v1/index.html
[Error - 21:02:15] No config file for /home/lxrdszn/Desktop/EXpoweb_v1/index.html
[Error - 21:02:15] No config file for /home/lxrdszn/Desktop/EXpoweb_v1/index.html
[Error - 21:02:16] No config file for /home/lxrdszn/Desktop/EXpoweb_v1/index.html
[Error - 21:02:17] No config file for /home/lxrdszn/Desktop/EXpoweb_v1/index.html
[Error - 21:02:18] No config file for /home/lxrdszn/Desktop/EXpoweb_v1/index.html
[Error - 21:02:18] No config file for /home/lxrdszn/Desktop/EXpoweb_v1/index.html
[Error - 21:02:19] No config file for /home/lxrdszn/Desktop/EXpoweb_v1/index.html
[Error - 21:02:21] No config file for /home/lxrdszn/Desktop/EXpoweb_v1/index.html
[Error - 21:02:21] No config file for /home/lxrdszn/Desktop/EXpoweb_v1/index.html
[Error - 21:02:21] No config file for /home/lxrdszn/Desktop/EXpoweb_v1/index.html
[Error - 21:02:21] No config file for /home/lxrdszn/Desktop/EXpoweb_v1/index.html
[Error - 21:02:22] No config file for /home/lxrdszn/Desktop/EXpoweb_v1/index.html
[Error - 21:02:23] No config file for /home/lxrdszn/Desktop/EXpoweb_v1/index.html
[Error - 21:02:24] No config file for /home/lxrdszn/Desktop/EXpoweb_v1/index.html
[Error - 21:02:24] No config file for /home/lxrdszn/Desktop/EXpoweb_v1/index.html
[Error - 21:02:24] No config file for /home/lxrdszn/Desktop/EXpoweb_v1/index.html
[Error - 21:02:25] No config file for /home/lxrdszn/Desktop/EXpoweb_v1/index.html
[Error - 21:02:26] No config file for /home/lxrdszn/Desktop/EXpoweb_v1/index.html
[Error - 21:02:26] No config file for /home/lxrdszn/Desktop/EXpoweb_v1/index.html
[Error - 21:02:26] No config file for /home/lxrdszn/Desktop/EXpoweb_v1/index.html
[Error - 21:02:26] No config file for /home/lxrdszn/Desktop/EXpoweb_v1/index.html
[Error - 21:02:28] No config file for /home/lxrdszn/Desktop/EXpoweb_v1/index.html
[Error - 21:02:28] No config file for /home/lxrdszn/Desktop/EXpoweb_v1/index.html
[Error - 21:02:28] No config file for /home/lxrdszn/Desktop/EXpoweb_v1/index.html
[Error - 21:02:28] No config file for /home/lxrdszn/Desktop/EXpoweb_v1/index.html
[Error - 21:02:28] No config file for /home/lxrdszn/Desktop/EXpoweb_v1/index.html
[Error - 21:02:28] No config file for /home/lxrdszn/Desktop/EXpoweb_v1/index.html
[Error - 21:02:31] No config file for /home/lxrdszn/Desktop/EXpoweb_v1/index.html
[Error - 21:02:31] No config file for /home/lxrdszn/Desktop/EXpoweb_v1/index.html
[Error - 21:02:31] No config file for /home/lxrdszn/Desktop/EXpoweb_v1/index.html
[Error - 21:02:31] No config file for /home/lxrdszn/Desktop/EXpoweb_v1/index.html
[Error - 21:02:31] No config file for /home/lxrdszn/Desktop/EXpoweb_v1/index.html
[Error - 21:02:31] No config file for /home/lxrdszn/Desktop/EXpoweb_v1/index.html
[Error - 21:02:32] No config file for /home/lxrdszn/Desktop/EXpoweb_v1/index.html
[Error - 21:02:32] No config file for /home/lxrdszn/Desktop/EXpoweb_v1/index.html
[Error - 21:02:32] No config file for /home/lxrdszn/Desktop/EXpoweb_v1/index.html
[Error - 21:02:32] No config file for /home/lxrdszn/Desktop/EXpoweb_v1/index.html
[Error - 21:02:33] No config file for /home/lxrdszn/Desktop/EXpoweb_v1/index.html
[Error - 21:02:33] No config file for /home/lxrdszn/Desktop/EXpoweb_v1/index.html
[Error - 21:02:33] No config file for /home/lxrdszn/Desktop/EXpoweb_v1/index.html
[Error - 21:02:33] No config file for /home/lxrdszn/Desktop/EXpoweb_v1/index.html
[Error - 21:02:33] No config file for /home/lxrdszn/Desktop/EXpoweb_v1/index.html
[Error - 21:02:33] No config file for /home/lxrdszn/Desktop/EXpoweb_v1/index.html
[Error - 21:02:33] No config file for /home/lxrdszn/Desktop/EXpoweb_v1/index.html
[Error - 21:02:33] No config file for /home/lxrdszn/Desktop/EXpoweb_v1/index.html
[Error - 21:02:41] No config file for /home/lxrdszn/Desktop/EXpoweb_v1/index.html
[Error - 21:02:49] No config file for /home/lxrdszn/Desktop/EXpoweb_v1/index.html
[Error - 21:02:53] No config file for /home/lxrdszn/Desktop/EXpoweb_v1/index.html
[Error - 21:02:57] No config file for /home/lxrdszn/Desktop/EXpoweb_v1/index.html
[Error - 21:02:59] No config file for /home/lxrdszn/Desktop/EXpoweb_v1/index.html
[Error - 21:02:59] No config file for /home/lxrdszn/Desktop/EXpoweb_v1/index.html
[Error - 21:02:59] No config file for /home/lxrdszn/Desktop/EXpoweb_v1/index.html
[Error - 21:03:02] No config file for /home/lxrdszn/Desktop/EXpoweb_v1/index.html
[Error - 21:03:02] No config file for /home/lxrdszn/Desktop/EXpoweb_v1/index.html
[Error - 21:03:02] No config file for /home/lxrdszn/Desktop/EXpoweb_v1/index.html
[Error - 21:03:02] No config file for /home/lxrdszn/Desktop/EXpoweb_v1/index.html
[Error - 21:03:02] No config file for /home/lxrdszn/Desktop/EXpoweb_v1/index.html
[Error - 21:03:03] No config file for /home/lxrdszn/Desktop/EXpoweb_v1/index.html
[Error - 21:03:04] No config file for /home/lxrdszn/Desktop/EXpoweb_v1/index.html
[Error - 21:03:04] No config file for /home/lxrdszn/Desktop/EXpoweb_v1/index.html
[Error - 21:03:04] No config file for /home/lxrdszn/Desktop/EXpoweb_v1/index.html
[Error - 21:03:04] No config file for /home/lxrdszn/Desktop/EXpoweb_v1/index.html
[Error - 21:03:08] No config file for /home/lxrdszn/Desktop/EXpoweb_v1/index.html
[Error - 21:03:08] No config file for /home/lxrdszn/Desktop/EXpoweb_v1/index.html
[Error - 21:03:08] No config file for /home/lxrdszn/Desktop/EXpoweb_v1/index.html
[Error - 21:03:08] No config file for /home/lxrdszn/Desktop/EXpoweb_v1/index.html
[Error - 21:03:08] No config file for /home/lxrdszn/Desktop/EXpoweb_v1/index.html
[Error - 21:03:08] No config file for /home/lxrdszn/Desktop/EXpoweb_v1/index.html
[Error - 21:03:10] No config file for /home/lxrdszn/Desktop/EXpoweb_v1/index.html
[Error - 21:03:10] No config file for /home/lxrdszn/Desktop/EXpoweb_v1/index.html
[Error - 21:03:10] No config file for /home/lxrdszn/Desktop/EXpoweb_v1/index.html
[Error - 21:03:10] No config file for /home/lxrdszn/Desktop/EXpoweb_v1/index.html
[Error - 21:03:10] No config file for /home/lxrdszn/Desktop/EXpoweb_v1/index.html
[Error - 21:03:12] No config file for /home/lxrdszn/Desktop/EXpoweb_v1/index.html
[Error - 21:03:12] No config file for /home/lxrdszn/Desktop/EXpoweb_v1/index.html
[Error - 21:03:12] No config file for /home/lxrdszn/Desktop/EXpoweb_v1/index.html
[Error - 21:03:12] No config file for /home/lxrdszn/Desktop/EXpoweb_v1/index.html
[Error - 21:03:14] No config file for /home/lxrdszn/Desktop/EXpoweb_v1/index.html
[Error - 21:03:14] No config file for /home/lxrdszn/Desktop/EXpoweb_v1/index.html
[Error - 21:03:14] No config file for /home/lxrdszn/Desktop/EXpoweb_v1/index.html
[Error - 21:03:14] No config file for /home/lxrdszn/Desktop/EXpoweb_v1/index.html
[Error - 21:03:14] No config file for /home/lxrdszn/Desktop/EXpoweb_v1/index.html
[Error - 21:03:14] No config file for /home/lxrdszn/Desktop/EXpoweb_v1/index.html
[Error - 21:03:14] No config file for /home/lxrdszn/Desktop/EXpoweb_v1/index.html
[Error - 21:03:25] No config file for /home/lxrdszn/Desktop/EXpoweb_v1/index.html
[Error - 21:03:25] No config file for /home/lxrdszn/Desktop/EXpoweb_v1/index.html
[Error - 21:03:26] No config file for /home/lxrdszn/Desktop/EXpoweb_v1/index.html
[Error - 21:03:33] No config file for /home/lxrdszn/Desktop/EXpoweb_v1/index.html
[Error - 21:03:33] No config file for /home/lxrdszn/Desktop/EXpoweb_v1/index.html
[Error - 21:03:33] No config file for /home/lxrdszn/Desktop/EXpoweb_v1/index.html
[Error - 21:03:34] No config file for /home/lxrdszn/Desktop/EXpoweb_v1/index.html
[Error - 21:03:34] No config file for /home/lxrdszn/Desktop/EXpoweb_v1/index.html
[Error - 21:03:35] No config file for /home/lxrdszn/Desktop/EXpoweb_v1/index.html
[Error - 21:03:35] No config file for /home/lxrdszn/Desktop/EXpoweb_v1/index.html
[Error - 21:03:36] No config file for /home/lxrdszn/Desktop/EXpoweb_v1/index.html
[Error - 21:03:36] No config file for /home/lxrdszn/Desktop/EXpoweb_v1/index.html
[Error - 21:03:36] No config file for /home/lxrdszn/Desktop/EXpoweb_v1/index.html
[Error - 21:03:36] No config file for /home/lxrdszn/Desktop/EXpoweb_v1/index.html
[Error - 21:03:37] No config file for /home/lxrdszn/Desktop/EXpoweb_v1/index.html
[Error - 21:03:37] No config file for /home/lxrdszn/Desktop/EXpoweb_v1/index.html
[Error - 21:03:39] No config file for /home/lxrdszn/Desktop/EXpoweb_v1/index.html
[Error - 21:03:40] No config file for /home/lxrdszn/Desktop/EXpoweb_v1/index.html
[Error - 21:03:40] No config file for /home/lxrdszn/Desktop/EXpoweb_v1/index.html
[Error - 21:03:41] No config file for /home/lxrdszn/Desktop/EXpoweb_v1/index.html
[Error - 21:03:41] No config file for /home/lxrdszn/Desktop/EXpoweb_v1/index.html
[Error - 21:03:41] No config file for /home/lxrdszn/Desktop/EXpoweb_v1/index.html
[Error - 21:03:41] No config file for /home/lxrdszn/Desktop/EXpoweb_v1/index.html
[Error - 21:03:45] No config file for /home/lxrdszn/Desktop/EXpoweb_v1/index.html
[Error - 21:03:45] No config file for /home/lxrdszn/Desktop/EXpoweb_v1/index.html
[Error - 21:03:45] No config file for /home/lxrdszn/Desktop/EXpoweb_v1/index.html
[Error - 21:03:48] No config file for /home/lxrdszn/Desktop/EXpoweb_v1/index.html
[Error - 21:03:49] No config file for /home/lxrdszn/Desktop/EXpoweb_v1/index.html
[Error - 21:03:49] No config file for /home/lxrdszn/Desktop/EXpoweb_v1/index.html
[Error - 21:03:49] No config file for /home/lxrdszn/Desktop/EXpoweb_v1/index.html
[Error - 21:03:50] No config file for /home/lxrdszn/Desktop/EXpoweb_v1/index.html
[Error - 21:03:52] No config file for /home/lxrdszn/Desktop/EXpoweb_v1/index.html
[Error - 21:03:53] No config file for /home/lxrdszn/Desktop/EXpoweb_v1/index.html
[Error - 21:03:53] No config file for /home/lxrdszn/Desktop/EXpoweb_v1/index.html
[Error - 21:03:53] No config file for /home/lxrdszn/Desktop/EXpoweb_v1/index.html
[Error - 21:03:53] No config file for /home/lxrdszn/Desktop/EXpoweb_v1/index.html
[Error - 21:03:55] No config file for /home/lxrdszn/Desktop/EXpoweb_v1/index.html
[Error - 21:03:55] No config file for /home/lxrdszn/Desktop/EXpoweb_v1/index.html
[Error - 21:03:55] No config file for /home/lxrdszn/Desktop/EXpoweb_v1/index.html
[Error - 21:03:55] No config file for /home/lxrdszn/Desktop/EXpoweb_v1/index.html
[Error - 21:03:55] No config file for /home/lxrdszn/Desktop/EXpoweb_v1/index.html
[Error - 21:03:56] No config file for /home/lxrdszn/Desktop/EXpoweb_v1/index.html
[Error - 21:03:56] No config file for /home/lxrdszn/Desktop/EXpoweb_v1/index.html
[Error - 21:03:58] No config file for /home/lxrdszn/Desktop/EXpoweb_v1/index.html
[Error - 21:03:59] No config file for /home/lxrdszn/Desktop/EXpoweb_v1/index.html
[Error - 21:04:00] No config file for /home/lxrdszn/Desktop/EXpoweb_v1/index.html
[Error - 21:04:00] No config file for /home/lxrdszn/Desktop/EXpoweb_v1/index.html
[Error - 21:04:03] No config file for /home/lxrdszn/Desktop/EXpoweb_v1/index.html
[Error - 21:04:03] No config file for /home/lxrdszn/Desktop/EXpoweb_v1/index.html
[Error - 21:04:03] No config file for /home/lxrdszn/Desktop/EXpoweb_v1/index.html
[Error - 21:04:03] No config file for /home/lxrdszn/Desktop/EXpoweb_v1/index.html
[Error - 21:04:03] No config file for /home/lxrdszn/Desktop/EXpoweb_v1/index.html
[Error - 21:04:03] No config file for /home/lxrdszn/Desktop/EXpoweb_v1/index.html
[Error - 21:04:03] No config file for /home/lxrdszn/Desktop/EXpoweb_v1/index.html
[Error - 21:04:04] No config file for /home/lxrdszn/Desktop/EXpoweb_v1/index.html
[Error - 21:04:04] No config file for /home/lxrdszn/Desktop/EXpoweb_v1/index.html
[Error - 21:04:06] No config file for /home/lxrdszn/Desktop/EXpoweb_v1/index.html
[Error - 21:04:07] No config file for /home/lxrdszn/Desktop/EXpoweb_v1/index.html
[Error - 21:04:07] No config file for /home/lxrdszn/Desktop/EXpoweb_v1/index.html
[Error - 21:04:07] No config file for /home/lxrdszn/Desktop/EXpoweb_v1/index.html
[Error - 21:04:08] No config file for /home/lxrdszn/Desktop/EXpoweb_v1/index.html
[Error - 21:04:08] No config file for /home/lxrdszn/Desktop/EXpoweb_v1/index.html
[Error - 21:04:08] No config file for /home/lxrdszn/Desktop/EXpoweb_v1/index.html
[Error - 21:04:08] No config file for /home/lxrdszn/Desktop/EXpoweb_v1/index.html
[Error - 21:04:08] No config file for /home/lxrdszn/Desktop/EXpoweb_v1/index.html
[Error - 21:04:09] No config file for /home/lxrdszn/Desktop/EXpoweb_v1/index.html
[Error - 21:04:10] No config file for /home/lxrdszn/Desktop/EXpoweb_v1/index.html
[Error - 21:04:10] No config file for /home/lxrdszn/Desktop/EXpoweb_v1/index.html
[Error - 21:04:11] No config file for /home/lxrdszn/Desktop/EXpoweb_v1/index.html
[Error - 21:04:11] No config file for /home/lxrdszn/Desktop/EXpoweb_v1/index.html
[Error - 21:04:11] No config file for /home/lxrdszn/Desktop/EXpoweb_v1/index.html
[Error - 21:04:11] No config file for /home/lxrdszn/Desktop/EXpoweb_v1/index.html
[Error - 21:04:11] No config file for /home/lxrdszn/Desktop/EXpoweb_v1/index.html
[Error - 21:04:11] No config file for /home/lxrdszn/Desktop/EXpoweb_v1/index.html
[Error - 21:04:11] No config file for /home/lxrdszn/Desktop/EXpoweb_v1/index.html
[Error - 21:04:12] No config file for /home/lxrdszn/Desktop/EXpoweb_v1/index.html
[Error - 21:04:12] No config file for /home/lxrdszn/Desktop/EXpoweb_v1/index.html
[Error - 21:04:12] No config file for /home/lxrdszn/Desktop/EXpoweb_v1/index.html
[Error - 21:04:13] No config file for /home/lxrdszn/Desktop/EXpoweb_v1/index.html
[Error - 21:04:13] No config file for /home/lxrdszn/Desktop/EXpoweb_v1/index.html
[Error - 21:04:15] No config file for /home/lxrdszn/Desktop/EXpoweb_v1/index.html
[Error - 21:04:15] No config file for /home/lxrdszn/Desktop/EXpoweb_v1/index.html
[Error - 21:04:15] No config file for /home/lxrdszn/Desktop/EXpoweb_v1/index.html
[Error - 21:04:15] No config file for /home/lxrdszn/Desktop/EXpoweb_v1/index.html
[Error - 21:04:18] No config file for /home/lxrdszn/Desktop/EXpoweb_v1/index.html
[Error - 21:04:19] No config file for /home/lxrdszn/Desktop/EXpoweb_v1/index.html
[Error - 21:04:21] No config file for /home/lxrdszn/Desktop/EXpoweb_v1/index.html
[Error - 21:04:21] No config file for /home/lxrdszn/Desktop/EXpoweb_v1/index.html
[Error - 21:04:21] No config file for /home/lxrdszn/Desktop/EXpoweb_v1/index.html
[Error - 21:04:22] No config file for /home/lxrdszn/Desktop/EXpoweb_v1/index.html
[Error - 21:04:22] No config file for /home/lxrdszn/Desktop/EXpoweb_v1/index.html
[Error - 21:04:26] No config file for /home/lxrdszn/Desktop/EXpoweb_v1/index.html
[Error - 21:04:28] No config file for /home/lxrdszn/Desktop/EXpoweb_v1/index.html
[Error - 21:04:30] No config file for /home/lxrdszn/Desktop/EXpoweb_v1/index.html
[Error - 21:04:30] No config file for /home/lxrdszn/Desktop/EXpoweb_v1/index.html
[Error - 21:04:34] No config file for /home/lxrdszn/Desktop/EXpoweb_v1/index.html
[Error - 21:04:34] No config file for /home/lxrdszn/Desktop/EXpoweb_v1/index.html
[Error - 21:04:37] No config file for /home/lxrdszn/Desktop/EXpoweb_v1/index.html
[Error - 21:04:37] No config file for /home/lxrdszn/Desktop/EXpoweb_v1/index.html
[Error - 21:04:37] No config file for /home/lxrdszn/Desktop/EXpoweb_v1/index.html
[Error - 21:04:37] No config file for /home/lxrdszn/Desktop/EXpoweb_v1/index.html
[Error - 21:04:38] No config file for /home/lxrdszn/Desktop/EXpoweb_v1/index.html
[Error - 21:04:38] No config file for /home/lxrdszn/Desktop/EXpoweb_v1/index.html
[Error - 21:04:38] No config file for /home/lxrdszn/Desktop/EXpoweb_v1/index.html
[Error - 21:04:38] No config file for /home/lxrdszn/Desktop/EXpoweb_v1/index.html
[Error - 21:04:41] No config file for /home/lxrdszn/Desktop/EXpoweb_v1/index.html
[Error - 21:04:42] No config file for /home/lxrdszn/Desktop/EXpoweb_v1/index.html
[Error - 21:04:43] No config file for /home/lxrdszn/Desktop/EXpoweb_v1/index.html
[Error - 21:04:44] No config file for /home/lxrdszn/Desktop/EXpoweb_v1/index.html
[Error - 21:04:44] No config file for /home/lxrdszn/Desktop/EXpoweb_v1/index.html
[Error - 21:04:44] No config file for /home/lxrdszn/Desktop/EXpoweb_v1/index.html
[Error - 21:04:44] No config file for /home/lxrdszn/Desktop/EXpoweb_v1/index.html
