2023-05-15 20:09:14.261 [info] Nivel de registro: Info
2023-05-15 20:09:14.291 [info] La validación encontró GIT en: “git“
2023-05-15 20:09:14.291 [info] Usando GIT “2.39.2” desde “git”
2023-05-15 20:09:14.291 [info] > git rev-parse --show-toplevel [67ms]
2023-05-15 20:09:14.291 [info] fatal: detected dubious ownership in repository at '/home/lxrdszn/Desktop/EXpoweb_v1'
To add an exception for this directory, call:

	git config --global --add safe.directory /home/lxrdszn/Desktop/EXpoweb_v1
2023-05-15 20:09:14.292 [info] > git rev-parse --show-toplevel [15ms]
2023-05-15 20:09:14.292 [info] fatal: detected dubious ownership in repository at '/home/lxrdszn/Desktop/EXpoweb_v1'
To add an exception for this directory, call:

	git config --global --add safe.directory /home/lxrdszn/Desktop/EXpoweb_v1
2023-05-15 20:09:14.292 [info] > git rev-parse --show-toplevel [203ms]
2023-05-15 20:09:14.292 [info] fatal: detected dubious ownership in repository at '/home/lxrdszn/Desktop/EXpoweb_v1'
To add an exception for this directory, call:

	git config --global --add safe.directory /home/lxrdszn/Desktop/EXpoweb_v1
2023-05-15 20:09:14.292 [info] > git rev-parse --show-toplevel [12725ms]
2023-05-15 20:09:14.292 [info] fatal: detected dubious ownership in repository at '/home/lxrdszn/Desktop/EXpoweb_v1'
To add an exception for this directory, call:

	git config --global --add safe.directory /home/lxrdszn/Desktop/EXpoweb_v1
2023-05-15 20:09:14.563 [info] > git rev-parse --show-toplevel [323ms]
2023-05-15 20:09:14.563 [info] fatal: detected dubious ownership in repository at '/home/lxrdszn/Desktop/EXpoweb_v1'
To add an exception for this directory, call:

	git config --global --add safe.directory /home/lxrdszn/Desktop/EXpoweb_v1
2023-05-15 20:09:14.699 [info] > git rev-parse --show-toplevel [43ms]
2023-05-15 20:09:14.699 [info] fatal: detected dubious ownership in repository at '/home/lxrdszn/Desktop/EXpoweb_v1'
To add an exception for this directory, call:

	git config --global --add safe.directory /home/lxrdszn/Desktop/EXpoweb_v1
2023-05-15 20:23:59.558 [info] > git rev-parse --show-toplevel [35ms]
2023-05-15 20:23:59.558 [info] fatal: detected dubious ownership in repository at '/home/lxrdszn/Desktop/EXpoweb_v1'
To add an exception for this directory, call:

	git config --global --add safe.directory /home/lxrdszn/Desktop/EXpoweb_v1
2023-05-15 20:36:32.819 [info] > git rev-parse --show-toplevel [99ms]
2023-05-15 20:36:32.823 [info] fatal: detected dubious ownership in repository at '/home/lxrdszn/Desktop/EXpoweb_v1'
To add an exception for this directory, call:

	git config --global --add safe.directory /home/lxrdszn/Desktop/EXpoweb_v1
2023-05-15 20:36:38.923 [info] > git rev-parse --show-toplevel [104ms]
2023-05-15 20:36:38.923 [info] fatal: detected dubious ownership in repository at '/home/lxrdszn/Desktop/EXpoweb_v1'
To add an exception for this directory, call:

	git config --global --add safe.directory /home/lxrdszn/Desktop/EXpoweb_v1
2023-05-15 20:36:40.407 [info] > git rev-parse --show-toplevel [16ms]
2023-05-15 20:36:40.411 [info] fatal: detected dubious ownership in repository at '/home/lxrdszn/Desktop/EXpoweb_v1'
To add an exception for this directory, call:

	git config --global --add safe.directory /home/lxrdszn/Desktop/EXpoweb_v1
2023-05-15 20:36:45.860 [info] > git rev-parse --show-toplevel [51ms]
2023-05-15 20:36:45.860 [info] fatal: detected dubious ownership in repository at '/home/lxrdszn/Desktop/EXpoweb_v1'
To add an exception for this directory, call:

	git config --global --add safe.directory /home/lxrdszn/Desktop/EXpoweb_v1
2023-05-15 20:39:27.113 [info] > git rev-parse --show-toplevel [24ms]
2023-05-15 20:39:27.113 [info] fatal: detected dubious ownership in repository at '/home/lxrdszn/Desktop/EXpoweb_v1'
To add an exception for this directory, call:

	git config --global --add safe.directory /home/lxrdszn/Desktop/EXpoweb_v1
2023-05-15 20:39:29.634 [info] > git rev-parse --show-toplevel [13ms]
2023-05-15 20:39:29.634 [info] fatal: detected dubious ownership in repository at '/home/lxrdszn/Desktop/EXpoweb_v1'
To add an exception for this directory, call:

	git config --global --add safe.directory /home/lxrdszn/Desktop/EXpoweb_v1
2023-05-15 20:40:27.057 [info] > git rev-parse --show-toplevel [33ms]
2023-05-15 20:40:27.059 [info] fatal: detected dubious ownership in repository at '/home/lxrdszn/Desktop/EXpoweb_v1'
To add an exception for this directory, call:

	git config --global --add safe.directory /home/lxrdszn/Desktop/EXpoweb_v1
2023-05-15 20:41:33.757 [info] > git rev-parse --show-toplevel [3ms]
2023-05-15 20:41:33.757 [info] fatal: detected dubious ownership in repository at '/home/lxrdszn/Desktop/EXpoweb_v1'
To add an exception for this directory, call:

	git config --global --add safe.directory /home/lxrdszn/Desktop/EXpoweb_v1
2023-05-15 20:41:44.819 [info] > git rev-parse --show-toplevel [14ms]
2023-05-15 20:41:44.819 [info] fatal: detected dubious ownership in repository at '/home/lxrdszn/Desktop/EXpoweb_v1'
To add an exception for this directory, call:

	git config --global --add safe.directory /home/lxrdszn/Desktop/EXpoweb_v1
2023-05-15 20:42:11.749 [info] > git rev-parse --show-toplevel [37ms]
2023-05-15 20:42:11.749 [info] fatal: detected dubious ownership in repository at '/home/lxrdszn/Desktop/EXpoweb_v1'
To add an exception for this directory, call:

	git config --global --add safe.directory /home/lxrdszn/Desktop/EXpoweb_v1
2023-05-15 20:45:28.300 [info] > git rev-parse --show-toplevel [78ms]
2023-05-15 20:45:28.300 [info] fatal: detected dubious ownership in repository at '/home/lxrdszn/Desktop/EXpoweb_v1'
To add an exception for this directory, call:

	git config --global --add safe.directory /home/lxrdszn/Desktop/EXpoweb_v1
2023-05-15 20:45:45.303 [info] > git rev-parse --show-toplevel [8ms]
2023-05-15 20:45:45.303 [info] fatal: detected dubious ownership in repository at '/home/lxrdszn/Desktop/EXpoweb_v1'
To add an exception for this directory, call:

	git config --global --add safe.directory /home/lxrdszn/Desktop/EXpoweb_v1
2023-05-15 20:45:47.019 [info] > git rev-parse --show-toplevel [30ms]
2023-05-15 20:45:47.020 [info] fatal: detected dubious ownership in repository at '/home/lxrdszn/Desktop/EXpoweb_v1'
To add an exception for this directory, call:

	git config --global --add safe.directory /home/lxrdszn/Desktop/EXpoweb_v1
2023-05-15 20:46:00.824 [info] > git rev-parse --show-toplevel [26ms]
2023-05-15 20:46:00.824 [info] fatal: detected dubious ownership in repository at '/home/lxrdszn/Desktop/EXpoweb_v1'
To add an exception for this directory, call:

	git config --global --add safe.directory /home/lxrdszn/Desktop/EXpoweb_v1
2023-05-15 20:46:02.605 [info] > git rev-parse --show-toplevel [19ms]
2023-05-15 20:46:02.606 [info] fatal: detected dubious ownership in repository at '/home/lxrdszn/Desktop/EXpoweb_v1'
To add an exception for this directory, call:

	git config --global --add safe.directory /home/lxrdszn/Desktop/EXpoweb_v1
2023-05-15 20:46:12.811 [info] > git rev-parse --show-toplevel [15ms]
2023-05-15 20:46:12.811 [info] fatal: detected dubious ownership in repository at '/home/lxrdszn/Desktop/EXpoweb_v1'
To add an exception for this directory, call:

	git config --global --add safe.directory /home/lxrdszn/Desktop/EXpoweb_v1
2023-05-15 20:46:21.323 [info] > git rev-parse --show-toplevel [32ms]
2023-05-15 20:46:21.324 [info] fatal: detected dubious ownership in repository at '/home/lxrdszn/Desktop/EXpoweb_v1'
To add an exception for this directory, call:

	git config --global --add safe.directory /home/lxrdszn/Desktop/EXpoweb_v1
2023-05-15 20:46:29.511 [info] > git rev-parse --show-toplevel [9ms]
2023-05-15 20:46:29.511 [info] fatal: detected dubious ownership in repository at '/home/lxrdszn/Desktop/EXpoweb_v1'
To add an exception for this directory, call:

	git config --global --add safe.directory /home/lxrdszn/Desktop/EXpoweb_v1
2023-05-15 20:46:43.538 [info] > git rev-parse --show-toplevel [14ms]
2023-05-15 20:46:43.538 [info] fatal: detected dubious ownership in repository at '/home/lxrdszn/Desktop/EXpoweb_v1'
To add an exception for this directory, call:

	git config --global --add safe.directory /home/lxrdszn/Desktop/EXpoweb_v1
2023-05-15 20:47:00.496 [info] > git rev-parse --show-toplevel [18ms]
2023-05-15 20:47:00.496 [info] fatal: detected dubious ownership in repository at '/home/lxrdszn/Desktop/EXpoweb_v1'
To add an exception for this directory, call:

	git config --global --add safe.directory /home/lxrdszn/Desktop/EXpoweb_v1
2023-05-15 20:47:12.269 [info] > git rev-parse --show-toplevel [10ms]
2023-05-15 20:47:12.269 [info] fatal: detected dubious ownership in repository at '/home/lxrdszn/Desktop/EXpoweb_v1'
To add an exception for this directory, call:

	git config --global --add safe.directory /home/lxrdszn/Desktop/EXpoweb_v1
2023-05-15 20:47:13.189 [info] > git rev-parse --show-toplevel [10ms]
2023-05-15 20:47:13.189 [info] fatal: detected dubious ownership in repository at '/home/lxrdszn/Desktop/EXpoweb_v1'
To add an exception for this directory, call:

	git config --global --add safe.directory /home/lxrdszn/Desktop/EXpoweb_v1
2023-05-15 20:47:16.206 [info] > git rev-parse --show-toplevel [7ms]
2023-05-15 20:47:16.206 [info] fatal: detected dubious ownership in repository at '/home/lxrdszn/Desktop/EXpoweb_v1'
To add an exception for this directory, call:

	git config --global --add safe.directory /home/lxrdszn/Desktop/EXpoweb_v1
2023-05-15 20:47:21.248 [info] > git rev-parse --show-toplevel [54ms]
2023-05-15 20:47:21.249 [info] fatal: detected dubious ownership in repository at '/home/lxrdszn/Desktop/EXpoweb_v1'
To add an exception for this directory, call:

	git config --global --add safe.directory /home/lxrdszn/Desktop/EXpoweb_v1
2023-05-15 20:51:50.639 [info] > git rev-parse --show-toplevel [23ms]
2023-05-15 20:51:50.639 [info] fatal: detected dubious ownership in repository at '/home/lxrdszn/Desktop/EXpoweb_v1'
To add an exception for this directory, call:

	git config --global --add safe.directory /home/lxrdszn/Desktop/EXpoweb_v1
2023-05-15 20:53:20.441 [info] > git rev-parse --show-toplevel [11ms]
2023-05-15 20:53:20.441 [info] fatal: detected dubious ownership in repository at '/home/lxrdszn/Desktop/EXpoweb_v1'
To add an exception for this directory, call:

	git config --global --add safe.directory /home/lxrdszn/Desktop/EXpoweb_v1
2023-05-15 20:53:31.734 [info] > git rev-parse --show-toplevel [15ms]
2023-05-15 20:53:31.735 [info] fatal: detected dubious ownership in repository at '/home/lxrdszn/Desktop/EXpoweb_v1'
To add an exception for this directory, call:

	git config --global --add safe.directory /home/lxrdszn/Desktop/EXpoweb_v1
2023-05-15 20:53:43.509 [info] > git rev-parse --show-toplevel [46ms]
2023-05-15 20:53:43.510 [info] fatal: detected dubious ownership in repository at '/home/lxrdszn/Desktop/EXpoweb_v1'
To add an exception for this directory, call:

	git config --global --add safe.directory /home/lxrdszn/Desktop/EXpoweb_v1
2023-05-15 20:54:01.915 [info] > git rev-parse --show-toplevel [18ms]
2023-05-15 20:54:01.915 [info] fatal: detected dubious ownership in repository at '/home/lxrdszn/Desktop/EXpoweb_v1'
To add an exception for this directory, call:

	git config --global --add safe.directory /home/lxrdszn/Desktop/EXpoweb_v1
2023-05-15 20:55:00.982 [info] > git rev-parse --show-toplevel [12ms]
2023-05-15 20:55:00.982 [info] fatal: detected dubious ownership in repository at '/home/lxrdszn/Desktop/EXpoweb_v1'
To add an exception for this directory, call:

	git config --global --add safe.directory /home/lxrdszn/Desktop/EXpoweb_v1
2023-05-15 20:55:25.343 [info] > git rev-parse --show-toplevel [55ms]
2023-05-15 20:55:25.355 [info] fatal: detected dubious ownership in repository at '/home/lxrdszn/Desktop/EXpoweb_v1'
To add an exception for this directory, call:

	git config --global --add safe.directory /home/lxrdszn/Desktop/EXpoweb_v1
2023-05-15 20:55:31.474 [info] > git rev-parse --show-toplevel [42ms]
2023-05-15 20:55:31.474 [info] fatal: detected dubious ownership in repository at '/home/lxrdszn/Desktop/EXpoweb_v1'
To add an exception for this directory, call:

	git config --global --add safe.directory /home/lxrdszn/Desktop/EXpoweb_v1
2023-05-15 20:56:00.973 [info] > git rev-parse --show-toplevel [24ms]
2023-05-15 20:56:00.974 [info] fatal: detected dubious ownership in repository at '/home/lxrdszn/Desktop/EXpoweb_v1'
To add an exception for this directory, call:

	git config --global --add safe.directory /home/lxrdszn/Desktop/EXpoweb_v1
2023-05-15 20:56:07.224 [info] > git rev-parse --show-toplevel [16ms]
2023-05-15 20:56:07.224 [info] fatal: detected dubious ownership in repository at '/home/lxrdszn/Desktop/EXpoweb_v1'
To add an exception for this directory, call:

	git config --global --add safe.directory /home/lxrdszn/Desktop/EXpoweb_v1
2023-05-15 20:56:09.728 [info] > git rev-parse --show-toplevel [20ms]
2023-05-15 20:56:09.728 [info] fatal: detected dubious ownership in repository at '/home/lxrdszn/Desktop/EXpoweb_v1'
To add an exception for this directory, call:

	git config --global --add safe.directory /home/lxrdszn/Desktop/EXpoweb_v1
2023-05-15 20:56:13.957 [info] > git rev-parse --show-toplevel [36ms]
2023-05-15 20:56:13.957 [info] fatal: detected dubious ownership in repository at '/home/lxrdszn/Desktop/EXpoweb_v1'
To add an exception for this directory, call:

	git config --global --add safe.directory /home/lxrdszn/Desktop/EXpoweb_v1
2023-05-15 20:56:16.113 [info] > git rev-parse --show-toplevel [63ms]
2023-05-15 20:56:16.113 [info] fatal: detected dubious ownership in repository at '/home/lxrdszn/Desktop/EXpoweb_v1'
To add an exception for this directory, call:

	git config --global --add safe.directory /home/lxrdszn/Desktop/EXpoweb_v1
2023-05-15 20:56:26.513 [info] > git rev-parse --show-toplevel [25ms]
2023-05-15 20:56:26.513 [info] fatal: detected dubious ownership in repository at '/home/lxrdszn/Desktop/EXpoweb_v1'
To add an exception for this directory, call:

	git config --global --add safe.directory /home/lxrdszn/Desktop/EXpoweb_v1
2023-05-15 20:56:28.262 [info] > git rev-parse --show-toplevel [22ms]
2023-05-15 20:56:28.263 [info] fatal: detected dubious ownership in repository at '/home/lxrdszn/Desktop/EXpoweb_v1'
To add an exception for this directory, call:

	git config --global --add safe.directory /home/lxrdszn/Desktop/EXpoweb_v1
2023-05-15 20:56:30.256 [info] > git rev-parse --show-toplevel [26ms]
2023-05-15 20:56:30.257 [info] fatal: detected dubious ownership in repository at '/home/lxrdszn/Desktop/EXpoweb_v1'
To add an exception for this directory, call:

	git config --global --add safe.directory /home/lxrdszn/Desktop/EXpoweb_v1
2023-05-15 20:56:35.212 [info] > git rev-parse --show-toplevel [29ms]
2023-05-15 20:56:35.212 [info] fatal: detected dubious ownership in repository at '/home/lxrdszn/Desktop/EXpoweb_v1'
To add an exception for this directory, call:

	git config --global --add safe.directory /home/lxrdszn/Desktop/EXpoweb_v1
2023-05-15 20:56:37.312 [info] > git rev-parse --show-toplevel [22ms]
2023-05-15 20:56:37.312 [info] fatal: detected dubious ownership in repository at '/home/lxrdszn/Desktop/EXpoweb_v1'
To add an exception for this directory, call:

	git config --global --add safe.directory /home/lxrdszn/Desktop/EXpoweb_v1
2023-05-15 20:56:46.673 [info] > git rev-parse --show-toplevel [15ms]
2023-05-15 20:56:46.673 [info] fatal: detected dubious ownership in repository at '/home/lxrdszn/Desktop/EXpoweb_v1'
To add an exception for this directory, call:

	git config --global --add safe.directory /home/lxrdszn/Desktop/EXpoweb_v1
2023-05-15 20:56:50.555 [info] > git rev-parse --show-toplevel [18ms]
2023-05-15 20:56:50.555 [info] fatal: detected dubious ownership in repository at '/home/lxrdszn/Desktop/EXpoweb_v1'
To add an exception for this directory, call:

	git config --global --add safe.directory /home/lxrdszn/Desktop/EXpoweb_v1
2023-05-15 20:56:52.928 [info] > git rev-parse --show-toplevel [113ms]
2023-05-15 20:56:52.928 [info] fatal: detected dubious ownership in repository at '/home/lxrdszn/Desktop/EXpoweb_v1'
To add an exception for this directory, call:

	git config --global --add safe.directory /home/lxrdszn/Desktop/EXpoweb_v1
2023-05-15 20:56:58.355 [info] > git rev-parse --show-toplevel [19ms]
2023-05-15 20:56:58.355 [info] fatal: detected dubious ownership in repository at '/home/lxrdszn/Desktop/EXpoweb_v1'
To add an exception for this directory, call:

	git config --global --add safe.directory /home/lxrdszn/Desktop/EXpoweb_v1
2023-05-15 20:57:13.907 [info] > git rev-parse --show-toplevel [13ms]
2023-05-15 20:57:13.908 [info] fatal: detected dubious ownership in repository at '/home/lxrdszn/Desktop/EXpoweb_v1'
To add an exception for this directory, call:

	git config --global --add safe.directory /home/lxrdszn/Desktop/EXpoweb_v1
2023-05-15 20:57:16.130 [info] > git rev-parse --show-toplevel [21ms]
2023-05-15 20:57:16.130 [info] fatal: detected dubious ownership in repository at '/home/lxrdszn/Desktop/EXpoweb_v1'
To add an exception for this directory, call:

	git config --global --add safe.directory /home/lxrdszn/Desktop/EXpoweb_v1
2023-05-15 20:57:17.662 [info] > git rev-parse --show-toplevel [26ms]
2023-05-15 20:57:17.662 [info] fatal: detected dubious ownership in repository at '/home/lxrdszn/Desktop/EXpoweb_v1'
To add an exception for this directory, call:

	git config --global --add safe.directory /home/lxrdszn/Desktop/EXpoweb_v1
2023-05-15 20:57:25.367 [info] > git rev-parse --show-toplevel [25ms]
2023-05-15 20:57:25.367 [info] fatal: detected dubious ownership in repository at '/home/lxrdszn/Desktop/EXpoweb_v1'
To add an exception for this directory, call:

	git config --global --add safe.directory /home/lxrdszn/Desktop/EXpoweb_v1
2023-05-15 20:57:34.588 [info] > git rev-parse --show-toplevel [7ms]
2023-05-15 20:57:34.588 [info] fatal: detected dubious ownership in repository at '/home/lxrdszn/Desktop/EXpoweb_v1'
To add an exception for this directory, call:

	git config --global --add safe.directory /home/lxrdszn/Desktop/EXpoweb_v1
2023-05-15 20:57:36.563 [info] > git rev-parse --show-toplevel [28ms]
2023-05-15 20:57:36.563 [info] fatal: detected dubious ownership in repository at '/home/lxrdszn/Desktop/EXpoweb_v1'
To add an exception for this directory, call:

	git config --global --add safe.directory /home/lxrdszn/Desktop/EXpoweb_v1
2023-05-15 20:57:37.882 [info] > git rev-parse --show-toplevel [96ms]
2023-05-15 20:57:37.883 [info] fatal: detected dubious ownership in repository at '/home/lxrdszn/Desktop/EXpoweb_v1'
To add an exception for this directory, call:

	git config --global --add safe.directory /home/lxrdszn/Desktop/EXpoweb_v1
2023-05-15 20:57:50.414 [info] > git rev-parse --show-toplevel [12ms]
2023-05-15 20:57:50.415 [info] fatal: detected dubious ownership in repository at '/home/lxrdszn/Desktop/EXpoweb_v1'
To add an exception for this directory, call:

	git config --global --add safe.directory /home/lxrdszn/Desktop/EXpoweb_v1
2023-05-15 20:57:52.812 [info] > git rev-parse --show-toplevel [20ms]
2023-05-15 20:57:52.812 [info] fatal: detected dubious ownership in repository at '/home/lxrdszn/Desktop/EXpoweb_v1'
To add an exception for this directory, call:

	git config --global --add safe.directory /home/lxrdszn/Desktop/EXpoweb_v1
2023-05-15 20:58:09.586 [info] > git rev-parse --show-toplevel [13ms]
2023-05-15 20:58:09.586 [info] fatal: detected dubious ownership in repository at '/home/lxrdszn/Desktop/EXpoweb_v1'
To add an exception for this directory, call:

	git config --global --add safe.directory /home/lxrdszn/Desktop/EXpoweb_v1
2023-05-15 20:58:11.880 [info] > git rev-parse --show-toplevel [47ms]
2023-05-15 20:58:11.880 [info] fatal: detected dubious ownership in repository at '/home/lxrdszn/Desktop/EXpoweb_v1'
To add an exception for this directory, call:

	git config --global --add safe.directory /home/lxrdszn/Desktop/EXpoweb_v1
2023-05-15 20:58:19.729 [info] > git rev-parse --show-toplevel [6ms]
2023-05-15 20:58:19.729 [info] fatal: detected dubious ownership in repository at '/home/lxrdszn/Desktop/EXpoweb_v1'
To add an exception for this directory, call:

	git config --global --add safe.directory /home/lxrdszn/Desktop/EXpoweb_v1
2023-05-15 20:58:23.610 [info] > git rev-parse --show-toplevel [32ms]
2023-05-15 20:58:23.610 [info] fatal: detected dubious ownership in repository at '/home/lxrdszn/Desktop/EXpoweb_v1'
To add an exception for this directory, call:

	git config --global --add safe.directory /home/lxrdszn/Desktop/EXpoweb_v1
2023-05-15 20:58:35.038 [info] > git rev-parse --show-toplevel [43ms]
2023-05-15 20:58:35.038 [info] fatal: detected dubious ownership in repository at '/home/lxrdszn/Desktop/EXpoweb_v1'
To add an exception for this directory, call:

	git config --global --add safe.directory /home/lxrdszn/Desktop/EXpoweb_v1
2023-05-15 20:58:50.091 [info] > git rev-parse --show-toplevel [18ms]
2023-05-15 20:58:50.091 [info] fatal: detected dubious ownership in repository at '/home/lxrdszn/Desktop/EXpoweb_v1'
To add an exception for this directory, call:

	git config --global --add safe.directory /home/lxrdszn/Desktop/EXpoweb_v1
2023-05-15 21:01:50.204 [info] > git rev-parse --show-toplevel [6ms]
2023-05-15 21:01:50.204 [info] fatal: detected dubious ownership in repository at '/home/lxrdszn/Desktop/EXpoweb_v1'
To add an exception for this directory, call:

	git config --global --add safe.directory /home/lxrdszn/Desktop/EXpoweb_v1
2023-05-15 21:01:58.722 [info] > git rev-parse --show-toplevel [31ms]
2023-05-15 21:01:58.722 [info] fatal: detected dubious ownership in repository at '/home/lxrdszn/Desktop/EXpoweb_v1'
To add an exception for this directory, call:

	git config --global --add safe.directory /home/lxrdszn/Desktop/EXpoweb_v1
2023-05-15 21:02:06.244 [info] > git rev-parse --show-toplevel [24ms]
2023-05-15 21:02:06.245 [info] fatal: detected dubious ownership in repository at '/home/lxrdszn/Desktop/EXpoweb_v1'
To add an exception for this directory, call:

	git config --global --add safe.directory /home/lxrdszn/Desktop/EXpoweb_v1
2023-05-15 21:02:15.459 [info] > git rev-parse --show-toplevel [30ms]
2023-05-15 21:02:15.459 [info] fatal: detected dubious ownership in repository at '/home/lxrdszn/Desktop/EXpoweb_v1'
To add an exception for this directory, call:

	git config --global --add safe.directory /home/lxrdszn/Desktop/EXpoweb_v1
2023-05-15 21:02:23.715 [info] > git rev-parse --show-toplevel [32ms]
2023-05-15 21:02:23.715 [info] fatal: detected dubious ownership in repository at '/home/lxrdszn/Desktop/EXpoweb_v1'
To add an exception for this directory, call:

	git config --global --add safe.directory /home/lxrdszn/Desktop/EXpoweb_v1
2023-05-15 21:02:45.117 [info] > git rev-parse --show-toplevel [28ms]
2023-05-15 21:02:45.117 [info] fatal: detected dubious ownership in repository at '/home/lxrdszn/Desktop/EXpoweb_v1'
To add an exception for this directory, call:

	git config --global --add safe.directory /home/lxrdszn/Desktop/EXpoweb_v1
2023-05-15 21:02:49.931 [info] > git rev-parse --show-toplevel [72ms]
2023-05-15 21:02:49.932 [info] fatal: detected dubious ownership in repository at '/home/lxrdszn/Desktop/EXpoweb_v1'
To add an exception for this directory, call:

	git config --global --add safe.directory /home/lxrdszn/Desktop/EXpoweb_v1
2023-05-15 21:02:53.748 [info] > git rev-parse --show-toplevel [29ms]
2023-05-15 21:02:53.748 [info] fatal: detected dubious ownership in repository at '/home/lxrdszn/Desktop/EXpoweb_v1'
To add an exception for this directory, call:

	git config --global --add safe.directory /home/lxrdszn/Desktop/EXpoweb_v1
2023-05-15 21:02:58.077 [info] > git rev-parse --show-toplevel [39ms]
2023-05-15 21:02:58.077 [info] fatal: detected dubious ownership in repository at '/home/lxrdszn/Desktop/EXpoweb_v1'
To add an exception for this directory, call:

	git config --global --add safe.directory /home/lxrdszn/Desktop/EXpoweb_v1
2023-05-15 21:03:02.231 [info] > git rev-parse --show-toplevel [46ms]
2023-05-15 21:03:02.231 [info] fatal: detected dubious ownership in repository at '/home/lxrdszn/Desktop/EXpoweb_v1'
To add an exception for this directory, call:

	git config --global --add safe.directory /home/lxrdszn/Desktop/EXpoweb_v1
2023-05-15 21:03:29.392 [info] > git rev-parse --show-toplevel [21ms]
2023-05-15 21:03:29.392 [info] fatal: detected dubious ownership in repository at '/home/lxrdszn/Desktop/EXpoweb_v1'
To add an exception for this directory, call:

	git config --global --add safe.directory /home/lxrdszn/Desktop/EXpoweb_v1
2023-05-15 21:03:35.510 [info] > git rev-parse --show-toplevel [35ms]
2023-05-15 21:03:35.510 [info] fatal: detected dubious ownership in repository at '/home/lxrdszn/Desktop/EXpoweb_v1'
To add an exception for this directory, call:

	git config --global --add safe.directory /home/lxrdszn/Desktop/EXpoweb_v1
2023-05-15 21:03:41.212 [info] > git rev-parse --show-toplevel [37ms]
2023-05-15 21:03:41.213 [info] fatal: detected dubious ownership in repository at '/home/lxrdszn/Desktop/EXpoweb_v1'
To add an exception for this directory, call:

	git config --global --add safe.directory /home/lxrdszn/Desktop/EXpoweb_v1
2023-05-15 21:03:46.949 [info] > git rev-parse --show-toplevel [48ms]
2023-05-15 21:03:46.949 [info] fatal: detected dubious ownership in repository at '/home/lxrdszn/Desktop/EXpoweb_v1'
To add an exception for this directory, call:

	git config --global --add safe.directory /home/lxrdszn/Desktop/EXpoweb_v1
2023-05-15 21:03:54.067 [info] > git rev-parse --show-toplevel [20ms]
2023-05-15 21:03:54.068 [info] fatal: detected dubious ownership in repository at '/home/lxrdszn/Desktop/EXpoweb_v1'
To add an exception for this directory, call:

	git config --global --add safe.directory /home/lxrdszn/Desktop/EXpoweb_v1
2023-05-15 21:04:06.100 [info] > git rev-parse --show-toplevel [38ms]
2023-05-15 21:04:06.100 [info] fatal: detected dubious ownership in repository at '/home/lxrdszn/Desktop/EXpoweb_v1'
To add an exception for this directory, call:

	git config --global --add safe.directory /home/lxrdszn/Desktop/EXpoweb_v1
2023-05-15 21:05:04.145 [info] > git rev-parse --show-toplevel [96ms]
2023-05-15 21:05:04.146 [info] fatal: detected dubious ownership in repository at '/home/lxrdszn/Desktop/EXpoweb_v1'
To add an exception for this directory, call:

	git config --global --add safe.directory /home/lxrdszn/Desktop/EXpoweb_v1
2023-05-15 21:05:17.627 [info] > git rev-parse --show-toplevel [8ms]
2023-05-15 21:05:17.628 [info] fatal: detected dubious ownership in repository at '/home/lxrdszn/Desktop/EXpoweb_v1'
To add an exception for this directory, call:

	git config --global --add safe.directory /home/lxrdszn/Desktop/EXpoweb_v1
2023-05-15 21:05:25.250 [info] > git rev-parse --show-toplevel [14ms]
2023-05-15 21:05:25.250 [info] fatal: detected dubious ownership in repository at '/home/lxrdszn/Desktop/EXpoweb_v1'
To add an exception for this directory, call:

	git config --global --add safe.directory /home/lxrdszn/Desktop/EXpoweb_v1
2023-05-15 21:05:32.918 [info] > git rev-parse --show-toplevel [11ms]
2023-05-15 21:05:32.918 [info] fatal: detected dubious ownership in repository at '/home/lxrdszn/Desktop/EXpoweb_v1'
To add an exception for this directory, call:

	git config --global --add safe.directory /home/lxrdszn/Desktop/EXpoweb_v1
2023-05-15 21:05:38.794 [info] > git rev-parse --show-toplevel [18ms]
2023-05-15 21:05:38.794 [info] fatal: detected dubious ownership in repository at '/home/lxrdszn/Desktop/EXpoweb_v1'
To add an exception for this directory, call:

	git config --global --add safe.directory /home/lxrdszn/Desktop/EXpoweb_v1
2023-05-15 21:05:46.415 [info] > git rev-parse --show-toplevel [40ms]
2023-05-15 21:05:46.417 [info] fatal: detected dubious ownership in repository at '/home/lxrdszn/Desktop/EXpoweb_v1'
To add an exception for this directory, call:

	git config --global --add safe.directory /home/lxrdszn/Desktop/EXpoweb_v1
2023-05-15 21:05:54.843 [info] > git rev-parse --show-toplevel [22ms]
2023-05-15 21:05:54.843 [info] fatal: detected dubious ownership in repository at '/home/lxrdszn/Desktop/EXpoweb_v1'
To add an exception for this directory, call:

	git config --global --add safe.directory /home/lxrdszn/Desktop/EXpoweb_v1
2023-05-15 21:07:27.662 [info] > git rev-parse --show-toplevel [43ms]
2023-05-15 21:07:27.662 [info] fatal: detected dubious ownership in repository at '/home/lxrdszn/Desktop/EXpoweb_v1'
To add an exception for this directory, call:

	git config --global --add safe.directory /home/lxrdszn/Desktop/EXpoweb_v1
2023-05-15 21:07:50.385 [info] > git rev-parse --show-toplevel [8ms]
2023-05-15 21:07:50.385 [info] fatal: detected dubious ownership in repository at '/home/lxrdszn/Desktop/EXpoweb_v1'
To add an exception for this directory, call:

	git config --global --add safe.directory /home/lxrdszn/Desktop/EXpoweb_v1
2023-05-15 21:08:35.604 [info] > git rev-parse --show-toplevel [28ms]
2023-05-15 21:08:35.604 [info] fatal: detected dubious ownership in repository at '/home/lxrdszn/Desktop/EXpoweb_v1'
To add an exception for this directory, call:

	git config --global --add safe.directory /home/lxrdszn/Desktop/EXpoweb_v1
2023-05-15 21:08:41.520 [info] > git rev-parse --show-toplevel [164ms]
2023-05-15 21:08:41.520 [info] fatal: detected dubious ownership in repository at '/home/lxrdszn/Desktop/EXpoweb_v1'
To add an exception for this directory, call:

	git config --global --add safe.directory /home/lxrdszn/Desktop/EXpoweb_v1
2023-05-15 21:14:10.295 [info] > git rev-parse --show-toplevel [60ms]
2023-05-15 21:14:10.295 [info] fatal: detected dubious ownership in repository at '/home/lxrdszn/Desktop/EXpoweb_v1'
To add an exception for this directory, call:

	git config --global --add safe.directory /home/lxrdszn/Desktop/EXpoweb_v1
2023-05-15 21:14:19.283 [info] > git rev-parse --show-toplevel [95ms]
2023-05-15 21:14:19.283 [info] fatal: detected dubious ownership in repository at '/home/lxrdszn/Desktop/EXpoweb_v1'
To add an exception for this directory, call:

	git config --global --add safe.directory /home/lxrdszn/Desktop/EXpoweb_v1
2023-05-15 21:16:04.442 [info] > git rev-parse --show-toplevel [48ms]
2023-05-15 21:16:04.442 [info] fatal: detected dubious ownership in repository at '/home/lxrdszn/Desktop/EXpoweb_v1'
To add an exception for this directory, call:

	git config --global --add safe.directory /home/lxrdszn/Desktop/EXpoweb_v1
2023-05-15 21:16:07.996 [info] > git rev-parse --show-toplevel [55ms]
2023-05-15 21:16:07.996 [info] fatal: detected dubious ownership in repository at '/home/lxrdszn/Desktop/EXpoweb_v1'
To add an exception for this directory, call:

	git config --global --add safe.directory /home/lxrdszn/Desktop/EXpoweb_v1
2023-05-15 21:16:12.988 [info] > git rev-parse --show-toplevel [19ms]
2023-05-15 21:16:12.988 [info] fatal: detected dubious ownership in repository at '/home/lxrdszn/Desktop/EXpoweb_v1'
To add an exception for this directory, call:

	git config --global --add safe.directory /home/lxrdszn/Desktop/EXpoweb_v1
2023-05-15 21:16:15.284 [info] > git rev-parse --show-toplevel [226ms]
2023-05-15 21:16:15.284 [info] fatal: detected dubious ownership in repository at '/home/lxrdszn/Desktop/EXpoweb_v1'
To add an exception for this directory, call:

	git config --global --add safe.directory /home/lxrdszn/Desktop/EXpoweb_v1
2023-05-15 21:16:43.032 [info] > git rev-parse --show-toplevel [32ms]
2023-05-15 21:16:43.032 [info] fatal: detected dubious ownership in repository at '/home/lxrdszn/Desktop/EXpoweb_v1'
To add an exception for this directory, call:

	git config --global --add safe.directory /home/lxrdszn/Desktop/EXpoweb_v1
2023-05-15 21:18:14.211 [info] > git rev-parse --show-toplevel [8ms]
2023-05-15 21:18:14.211 [info] fatal: detected dubious ownership in repository at '/home/lxrdszn/Desktop/EXpoweb_v1'
To add an exception for this directory, call:

	git config --global --add safe.directory /home/lxrdszn/Desktop/EXpoweb_v1
2023-05-15 21:18:17.689 [info] > git rev-parse --show-toplevel [70ms]
2023-05-15 21:18:17.689 [info] fatal: detected dubious ownership in repository at '/home/lxrdszn/Desktop/EXpoweb_v1'
To add an exception for this directory, call:

	git config --global --add safe.directory /home/lxrdszn/Desktop/EXpoweb_v1
2023-05-15 21:20:41.838 [info] > git rev-parse --show-toplevel [57ms]
2023-05-15 21:20:41.838 [info] fatal: detected dubious ownership in repository at '/home/lxrdszn/Desktop/EXpoweb_v1'
To add an exception for this directory, call:

	git config --global --add safe.directory /home/lxrdszn/Desktop/EXpoweb_v1
2023-05-15 21:20:52.104 [info] > git rev-parse --show-toplevel [13ms]
2023-05-15 21:20:52.104 [info] fatal: detected dubious ownership in repository at '/home/lxrdszn/Desktop/EXpoweb_v1'
To add an exception for this directory, call:

	git config --global --add safe.directory /home/lxrdszn/Desktop/EXpoweb_v1
2023-05-15 21:23:01.207 [info] > git rev-parse --show-toplevel [24ms]
2023-05-15 21:23:01.207 [info] fatal: detected dubious ownership in repository at '/home/lxrdszn/Desktop/EXpoweb_v1'
To add an exception for this directory, call:

	git config --global --add safe.directory /home/lxrdszn/Desktop/EXpoweb_v1
2023-05-15 21:23:10.943 [info] > git rev-parse --show-toplevel [133ms]
2023-05-15 21:23:10.944 [info] fatal: detected dubious ownership in repository at '/home/lxrdszn/Desktop/EXpoweb_v1'
To add an exception for this directory, call:

	git config --global --add safe.directory /home/lxrdszn/Desktop/EXpoweb_v1
2023-05-15 21:23:19.125 [info] > git rev-parse --show-toplevel [48ms]
2023-05-15 21:23:19.125 [info] fatal: detected dubious ownership in repository at '/home/lxrdszn/Desktop/EXpoweb_v1'
To add an exception for this directory, call:

	git config --global --add safe.directory /home/lxrdszn/Desktop/EXpoweb_v1
2023-05-15 21:23:26.927 [info] > git rev-parse --show-toplevel [22ms]
2023-05-15 21:23:26.928 [info] fatal: detected dubious ownership in repository at '/home/lxrdszn/Desktop/EXpoweb_v1'
To add an exception for this directory, call:

	git config --global --add safe.directory /home/lxrdszn/Desktop/EXpoweb_v1
2023-05-15 21:23:36.061 [info] > git rev-parse --show-toplevel [17ms]
2023-05-15 21:23:36.061 [info] fatal: detected dubious ownership in repository at '/home/lxrdszn/Desktop/EXpoweb_v1'
To add an exception for this directory, call:

	git config --global --add safe.directory /home/lxrdszn/Desktop/EXpoweb_v1
2023-05-15 21:26:28.458 [info] > git rev-parse --show-toplevel [80ms]
2023-05-15 21:26:28.458 [info] fatal: detected dubious ownership in repository at '/home/lxrdszn/Desktop/EXpoweb_v1'
To add an exception for this directory, call:

	git config --global --add safe.directory /home/lxrdszn/Desktop/EXpoweb_v1
2023-05-15 21:27:03.934 [info] > git rev-parse --show-toplevel [15ms]
2023-05-15 21:27:03.934 [info] fatal: detected dubious ownership in repository at '/home/lxrdszn/Desktop/EXpoweb_v1'
To add an exception for this directory, call:

	git config --global --add safe.directory /home/lxrdszn/Desktop/EXpoweb_v1
2023-05-15 21:27:26.789 [info] > git rev-parse --show-toplevel [114ms]
2023-05-15 21:27:26.789 [info] fatal: detected dubious ownership in repository at '/home/lxrdszn/Desktop/EXpoweb_v1'
To add an exception for this directory, call:

	git config --global --add safe.directory /home/lxrdszn/Desktop/EXpoweb_v1
2023-05-15 21:28:03.524 [info] > git rev-parse --show-toplevel [24ms]
2023-05-15 21:28:03.525 [info] fatal: detected dubious ownership in repository at '/home/lxrdszn/Desktop/EXpoweb_v1'
To add an exception for this directory, call:

	git config --global --add safe.directory /home/lxrdszn/Desktop/EXpoweb_v1
2023-05-15 21:28:24.653 [info] > git rev-parse --show-toplevel [12ms]
2023-05-15 21:28:24.653 [info] fatal: detected dubious ownership in repository at '/home/lxrdszn/Desktop/EXpoweb_v1'
To add an exception for this directory, call:

	git config --global --add safe.directory /home/lxrdszn/Desktop/EXpoweb_v1
2023-05-15 21:31:05.287 [info] > git rev-parse --show-toplevel [30ms]
2023-05-15 21:31:05.290 [info] fatal: detected dubious ownership in repository at '/home/lxrdszn/Desktop/EXpoweb_v1'
To add an exception for this directory, call:

	git config --global --add safe.directory /home/lxrdszn/Desktop/EXpoweb_v1
2023-05-15 21:31:17.583 [info] > git rev-parse --show-toplevel [24ms]
2023-05-15 21:31:17.583 [info] fatal: detected dubious ownership in repository at '/home/lxrdszn/Desktop/EXpoweb_v1'
To add an exception for this directory, call:

	git config --global --add safe.directory /home/lxrdszn/Desktop/EXpoweb_v1
2023-05-15 21:33:27.253 [info] > git rev-parse --show-toplevel [5ms]
2023-05-15 21:33:27.253 [info] fatal: detected dubious ownership in repository at '/home/lxrdszn/Desktop/EXpoweb_v1'
To add an exception for this directory, call:

	git config --global --add safe.directory /home/lxrdszn/Desktop/EXpoweb_v1
2023-05-15 21:34:16.320 [info] > git rev-parse --show-toplevel [19ms]
2023-05-15 21:34:16.320 [info] fatal: detected dubious ownership in repository at '/home/lxrdszn/Desktop/EXpoweb_v1'
To add an exception for this directory, call:

	git config --global --add safe.directory /home/lxrdszn/Desktop/EXpoweb_v1
2023-05-15 21:34:28.522 [info] > git rev-parse --show-toplevel [14ms]
2023-05-15 21:34:28.522 [info] fatal: detected dubious ownership in repository at '/home/lxrdszn/Desktop/EXpoweb_v1'
To add an exception for this directory, call:

	git config --global --add safe.directory /home/lxrdszn/Desktop/EXpoweb_v1
2023-05-15 21:34:49.125 [info] > git rev-parse --show-toplevel [96ms]
2023-05-15 21:34:49.125 [info] fatal: detected dubious ownership in repository at '/home/lxrdszn/Desktop/EXpoweb_v1'
To add an exception for this directory, call:

	git config --global --add safe.directory /home/lxrdszn/Desktop/EXpoweb_v1
2023-05-15 21:35:18.839 [info] > git rev-parse --show-toplevel [22ms]
2023-05-15 21:35:18.839 [info] fatal: detected dubious ownership in repository at '/home/lxrdszn/Desktop/EXpoweb_v1'
To add an exception for this directory, call:

	git config --global --add safe.directory /home/lxrdszn/Desktop/EXpoweb_v1
2023-05-15 21:35:37.953 [info] > git rev-parse --show-toplevel [8ms]
2023-05-15 21:35:37.953 [info] fatal: detected dubious ownership in repository at '/home/lxrdszn/Desktop/EXpoweb_v1'
To add an exception for this directory, call:

	git config --global --add safe.directory /home/lxrdszn/Desktop/EXpoweb_v1
2023-05-15 21:35:52.115 [info] > git rev-parse --show-toplevel [184ms]
2023-05-15 21:35:52.115 [info] fatal: detected dubious ownership in repository at '/home/lxrdszn/Desktop/EXpoweb_v1'
To add an exception for this directory, call:

	git config --global --add safe.directory /home/lxrdszn/Desktop/EXpoweb_v1
2023-05-15 21:57:35.314 [info] > git rev-parse --show-toplevel [23ms]
2023-05-15 21:57:35.315 [info] fatal: detected dubious ownership in repository at '/home/lxrdszn/Desktop/EXpoweb_v1'
To add an exception for this directory, call:

	git config --global --add safe.directory /home/lxrdszn/Desktop/EXpoweb_v1
2023-05-15 21:57:37.812 [info] > git rev-parse --show-toplevel [111ms]
2023-05-15 21:57:37.812 [info] fatal: detected dubious ownership in repository at '/home/lxrdszn/Desktop/EXpoweb_v1'
To add an exception for this directory, call:

	git config --global --add safe.directory /home/lxrdszn/Desktop/EXpoweb_v1
2023-05-15 21:57:40.380 [info] > git rev-parse --show-toplevel [27ms]
2023-05-15 21:57:40.380 [info] fatal: detected dubious ownership in repository at '/home/lxrdszn/Desktop/EXpoweb_v1'
To add an exception for this directory, call:

	git config --global --add safe.directory /home/lxrdszn/Desktop/EXpoweb_v1
2023-05-15 21:57:42.517 [info] > git rev-parse --show-toplevel [30ms]
2023-05-15 21:57:42.517 [info] fatal: detected dubious ownership in repository at '/home/lxrdszn/Desktop/EXpoweb_v1'
To add an exception for this directory, call:

	git config --global --add safe.directory /home/lxrdszn/Desktop/EXpoweb_v1
2023-05-15 21:57:47.456 [info] > git rev-parse --show-toplevel [16ms]
2023-05-15 21:57:47.456 [info] fatal: detected dubious ownership in repository at '/home/lxrdszn/Desktop/EXpoweb_v1'
To add an exception for this directory, call:

	git config --global --add safe.directory /home/lxrdszn/Desktop/EXpoweb_v1
2023-05-15 21:58:12.548 [info] > git rev-parse --show-toplevel [21ms]
2023-05-15 21:58:12.548 [info] fatal: detected dubious ownership in repository at '/home/lxrdszn/Desktop/EXpoweb_v1'
To add an exception for this directory, call:

	git config --global --add safe.directory /home/lxrdszn/Desktop/EXpoweb_v1
2023-05-15 21:58:28.272 [info] > git rev-parse --show-toplevel [24ms]
2023-05-15 21:58:28.272 [info] fatal: detected dubious ownership in repository at '/home/lxrdszn/Desktop/EXpoweb_v1'
To add an exception for this directory, call:

	git config --global --add safe.directory /home/lxrdszn/Desktop/EXpoweb_v1
2023-05-15 22:00:25.922 [info] > git rev-parse --show-toplevel [20ms]
2023-05-15 22:00:25.922 [info] fatal: detected dubious ownership in repository at '/home/lxrdszn/Desktop/EXpoweb_v1'
To add an exception for this directory, call:

	git config --global --add safe.directory /home/lxrdszn/Desktop/EXpoweb_v1
2023-05-15 22:00:40.012 [info] > git rev-parse --show-toplevel [68ms]
2023-05-15 22:00:40.012 [info] fatal: detected dubious ownership in repository at '/home/lxrdszn/Desktop/EXpoweb_v1'
To add an exception for this directory, call:

	git config --global --add safe.directory /home/lxrdszn/Desktop/EXpoweb_v1
2023-05-15 22:02:16.854 [info] > git rev-parse --show-toplevel [2ms]
2023-05-15 22:02:16.854 [info] fatal: detected dubious ownership in repository at '/home/lxrdszn/Desktop/EXpoweb_v1'
To add an exception for this directory, call:

	git config --global --add safe.directory /home/lxrdszn/Desktop/EXpoweb_v1
2023-05-15 22:02:20.718 [info] > git rev-parse --show-toplevel [6ms]
2023-05-15 22:02:20.718 [info] fatal: detected dubious ownership in repository at '/home/lxrdszn/Desktop/EXpoweb_v1'
To add an exception for this directory, call:

	git config --global --add safe.directory /home/lxrdszn/Desktop/EXpoweb_v1
2023-05-15 22:02:29.172 [info] > git rev-parse --show-toplevel [34ms]
2023-05-15 22:02:29.172 [info] fatal: detected dubious ownership in repository at '/home/lxrdszn/Desktop/EXpoweb_v1'
To add an exception for this directory, call:

	git config --global --add safe.directory /home/lxrdszn/Desktop/EXpoweb_v1
2023-05-15 22:02:31.507 [info] > git rev-parse --show-toplevel [8ms]
2023-05-15 22:02:31.507 [info] fatal: detected dubious ownership in repository at '/home/lxrdszn/Desktop/EXpoweb_v1'
To add an exception for this directory, call:

	git config --global --add safe.directory /home/lxrdszn/Desktop/EXpoweb_v1
2023-05-15 22:07:08.367 [info] > git rev-parse --show-toplevel [22ms]
2023-05-15 22:07:08.367 [info] fatal: detected dubious ownership in repository at '/home/lxrdszn/Desktop/EXpoweb_v1'
To add an exception for this directory, call:

	git config --global --add safe.directory /home/lxrdszn/Desktop/EXpoweb_v1
2023-05-15 22:07:43.275 [info] > git rev-parse --show-toplevel [39ms]
2023-05-15 22:07:43.287 [info] fatal: detected dubious ownership in repository at '/home/lxrdszn/Desktop/EXpoweb_v1'
To add an exception for this directory, call:

	git config --global --add safe.directory /home/lxrdszn/Desktop/EXpoweb_v1
2023-05-15 22:13:25.155 [info] > git rev-parse --show-toplevel [63ms]
2023-05-15 22:13:25.155 [info] fatal: detected dubious ownership in repository at '/home/lxrdszn/Desktop/EXpoweb_v1'
To add an exception for this directory, call:

	git config --global --add safe.directory /home/lxrdszn/Desktop/EXpoweb_v1
2023-05-15 22:13:38.280 [info] > git rev-parse --show-toplevel [28ms]
2023-05-15 22:13:38.280 [info] fatal: detected dubious ownership in repository at '/home/lxrdszn/Desktop/EXpoweb_v1'
To add an exception for this directory, call:

	git config --global --add safe.directory /home/lxrdszn/Desktop/EXpoweb_v1
2023-05-15 22:13:45.470 [info] > git rev-parse --show-toplevel [119ms]
2023-05-15 22:13:45.470 [info] fatal: detected dubious ownership in repository at '/home/lxrdszn/Desktop/EXpoweb_v1'
To add an exception for this directory, call:

	git config --global --add safe.directory /home/lxrdszn/Desktop/EXpoweb_v1
2023-05-15 22:13:56.301 [info] > git rev-parse --show-toplevel [90ms]
2023-05-15 22:13:56.301 [info] fatal: detected dubious ownership in repository at '/home/lxrdszn/Desktop/EXpoweb_v1'
To add an exception for this directory, call:

	git config --global --add safe.directory /home/lxrdszn/Desktop/EXpoweb_v1
2023-05-15 22:14:05.155 [info] > git rev-parse --show-toplevel [65ms]
2023-05-15 22:14:05.155 [info] fatal: detected dubious ownership in repository at '/home/lxrdszn/Desktop/EXpoweb_v1'
To add an exception for this directory, call:

	git config --global --add safe.directory /home/lxrdszn/Desktop/EXpoweb_v1
2023-05-15 22:14:14.711 [info] > git rev-parse --show-toplevel [41ms]
2023-05-15 22:14:14.717 [info] fatal: detected dubious ownership in repository at '/home/lxrdszn/Desktop/EXpoweb_v1'
To add an exception for this directory, call:

	git config --global --add safe.directory /home/lxrdszn/Desktop/EXpoweb_v1
2023-05-15 22:14:22.610 [info] > git rev-parse --show-toplevel [59ms]
2023-05-15 22:14:22.610 [info] fatal: detected dubious ownership in repository at '/home/lxrdszn/Desktop/EXpoweb_v1'
To add an exception for this directory, call:

	git config --global --add safe.directory /home/lxrdszn/Desktop/EXpoweb_v1
2023-05-15 22:18:17.289 [info] > git rev-parse --show-toplevel [19ms]
2023-05-15 22:18:17.289 [info] fatal: detected dubious ownership in repository at '/home/lxrdszn/Desktop/EXpoweb_v1'
To add an exception for this directory, call:

	git config --global --add safe.directory /home/lxrdszn/Desktop/EXpoweb_v1
2023-05-15 22:26:12.970 [info] > git rev-parse --show-toplevel [21ms]
2023-05-15 22:26:12.970 [info] fatal: detected dubious ownership in repository at '/home/lxrdszn/Desktop/EXpoweb_v1'
To add an exception for this directory, call:

	git config --global --add safe.directory /home/lxrdszn/Desktop/EXpoweb_v1
2023-05-15 22:26:24.338 [info] > git rev-parse --show-toplevel [8ms]
2023-05-15 22:26:24.338 [info] fatal: detected dubious ownership in repository at '/home/lxrdszn/Desktop/EXpoweb_v1'
To add an exception for this directory, call:

	git config --global --add safe.directory /home/lxrdszn/Desktop/EXpoweb_v1
2023-05-15 22:26:27.655 [info] > git rev-parse --show-toplevel [67ms]
2023-05-15 22:26:27.655 [info] fatal: detected dubious ownership in repository at '/home/lxrdszn/Desktop/EXpoweb_v1'
To add an exception for this directory, call:

	git config --global --add safe.directory /home/lxrdszn/Desktop/EXpoweb_v1
2023-05-15 22:26:35.910 [info] > git rev-parse --show-toplevel [25ms]
2023-05-15 22:26:35.910 [info] fatal: detected dubious ownership in repository at '/home/lxrdszn/Desktop/EXpoweb_v1'
To add an exception for this directory, call:

	git config --global --add safe.directory /home/lxrdszn/Desktop/EXpoweb_v1
2023-05-15 22:27:14.553 [info] > git rev-parse --show-toplevel [13ms]
2023-05-15 22:27:14.553 [info] fatal: detected dubious ownership in repository at '/home/lxrdszn/Desktop/EXpoweb_v1'
To add an exception for this directory, call:

	git config --global --add safe.directory /home/lxrdszn/Desktop/EXpoweb_v1
2023-05-15 22:27:19.144 [info] > git rev-parse --show-toplevel [10ms]
2023-05-15 22:27:19.144 [info] fatal: detected dubious ownership in repository at '/home/lxrdszn/Desktop/EXpoweb_v1'
To add an exception for this directory, call:

	git config --global --add safe.directory /home/lxrdszn/Desktop/EXpoweb_v1
2023-05-15 22:27:23.086 [info] > git rev-parse --show-toplevel [8ms]
2023-05-15 22:27:23.086 [info] fatal: detected dubious ownership in repository at '/home/lxrdszn/Desktop/EXpoweb_v1'
To add an exception for this directory, call:

	git config --global --add safe.directory /home/lxrdszn/Desktop/EXpoweb_v1
2023-05-15 22:31:05.326 [info] > git rev-parse --show-toplevel [40ms]
2023-05-15 22:31:05.326 [info] fatal: detected dubious ownership in repository at '/home/lxrdszn/Desktop/EXpoweb_v1'
To add an exception for this directory, call:

	git config --global --add safe.directory /home/lxrdszn/Desktop/EXpoweb_v1
2023-05-15 22:36:01.014 [info] > git rev-parse --show-toplevel [32ms]
2023-05-15 22:36:01.015 [info] fatal: detected dubious ownership in repository at '/home/lxrdszn/Desktop/EXpoweb_v1'
To add an exception for this directory, call:

	git config --global --add safe.directory /home/lxrdszn/Desktop/EXpoweb_v1
2023-05-15 22:39:27.775 [info] > git rev-parse --show-toplevel [13ms]
2023-05-15 22:39:27.776 [info] fatal: detected dubious ownership in repository at '/home/lxrdszn/Desktop/EXpoweb_v1'
To add an exception for this directory, call:

	git config --global --add safe.directory /home/lxrdszn/Desktop/EXpoweb_v1
2023-05-15 22:42:10.135 [info] > git rev-parse --show-toplevel [8ms]
2023-05-15 22:42:10.135 [info] fatal: detected dubious ownership in repository at '/home/lxrdszn/Desktop/EXpoweb_v1'
To add an exception for this directory, call:

	git config --global --add safe.directory /home/lxrdszn/Desktop/EXpoweb_v1
2023-05-15 22:42:13.203 [info] > git rev-parse --show-toplevel [71ms]
2023-05-15 22:42:13.203 [info] fatal: detected dubious ownership in repository at '/home/lxrdszn/Desktop/EXpoweb_v1'
To add an exception for this directory, call:

	git config --global --add safe.directory /home/lxrdszn/Desktop/EXpoweb_v1
2023-05-15 22:44:55.682 [info] > git rev-parse --show-toplevel [222ms]
2023-05-15 22:44:55.682 [info] fatal: detected dubious ownership in repository at '/home/lxrdszn/Desktop/EXpoweb_v1'
To add an exception for this directory, call:

	git config --global --add safe.directory /home/lxrdszn/Desktop/EXpoweb_v1
2023-05-15 22:45:00.693 [info] > git rev-parse --show-toplevel [66ms]
2023-05-15 22:45:00.693 [info] fatal: detected dubious ownership in repository at '/home/lxrdszn/Desktop/EXpoweb_v1'
To add an exception for this directory, call:

	git config --global --add safe.directory /home/lxrdszn/Desktop/EXpoweb_v1
2023-05-15 22:45:04.058 [info] > git rev-parse --show-toplevel [52ms]
2023-05-15 22:45:04.058 [info] fatal: detected dubious ownership in repository at '/home/lxrdszn/Desktop/EXpoweb_v1'
To add an exception for this directory, call:

	git config --global --add safe.directory /home/lxrdszn/Desktop/EXpoweb_v1
2023-05-15 22:46:52.143 [info] > git rev-parse --show-toplevel [39ms]
2023-05-15 22:46:52.143 [info] fatal: detected dubious ownership in repository at '/home/lxrdszn/Desktop/EXpoweb_v1'
To add an exception for this directory, call:

	git config --global --add safe.directory /home/lxrdszn/Desktop/EXpoweb_v1
2023-05-15 22:47:24.804 [info] > git rev-parse --show-toplevel [27ms]
2023-05-15 22:47:24.804 [info] fatal: detected dubious ownership in repository at '/home/lxrdszn/Desktop/EXpoweb_v1'
To add an exception for this directory, call:

	git config --global --add safe.directory /home/lxrdszn/Desktop/EXpoweb_v1
2023-05-15 22:47:31.298 [info] > git rev-parse --show-toplevel [103ms]
2023-05-15 22:47:31.298 [info] fatal: detected dubious ownership in repository at '/home/lxrdszn/Desktop/EXpoweb_v1'
To add an exception for this directory, call:

	git config --global --add safe.directory /home/lxrdszn/Desktop/EXpoweb_v1
2023-05-15 22:47:35.949 [info] > git rev-parse --show-toplevel [29ms]
2023-05-15 22:47:35.949 [info] fatal: detected dubious ownership in repository at '/home/lxrdszn/Desktop/EXpoweb_v1'
To add an exception for this directory, call:

	git config --global --add safe.directory /home/lxrdszn/Desktop/EXpoweb_v1
2023-05-15 22:47:47.775 [info] > git rev-parse --show-toplevel [15ms]
2023-05-15 22:47:47.775 [info] fatal: detected dubious ownership in repository at '/home/lxrdszn/Desktop/EXpoweb_v1'
To add an exception for this directory, call:

	git config --global --add safe.directory /home/lxrdszn/Desktop/EXpoweb_v1
2023-05-15 22:47:59.942 [info] > git rev-parse --show-toplevel [7ms]
2023-05-15 22:47:59.942 [info] fatal: detected dubious ownership in repository at '/home/lxrdszn/Desktop/EXpoweb_v1'
To add an exception for this directory, call:

	git config --global --add safe.directory /home/lxrdszn/Desktop/EXpoweb_v1
2023-05-15 22:48:08.730 [info] > git rev-parse --show-toplevel [84ms]
2023-05-15 22:48:08.730 [info] fatal: detected dubious ownership in repository at '/home/lxrdszn/Desktop/EXpoweb_v1'
To add an exception for this directory, call:

	git config --global --add safe.directory /home/lxrdszn/Desktop/EXpoweb_v1
2023-05-15 22:48:59.968 [info] > git rev-parse --show-toplevel [71ms]
2023-05-15 22:48:59.968 [info] fatal: detected dubious ownership in repository at '/home/lxrdszn/Desktop/EXpoweb_v1'
To add an exception for this directory, call:

	git config --global --add safe.directory /home/lxrdszn/Desktop/EXpoweb_v1
2023-05-15 22:49:09.522 [info] > git rev-parse --show-toplevel [12ms]
2023-05-15 22:49:09.523 [info] fatal: detected dubious ownership in repository at '/home/lxrdszn/Desktop/EXpoweb_v1'
To add an exception for this directory, call:

	git config --global --add safe.directory /home/lxrdszn/Desktop/EXpoweb_v1
2023-05-15 22:49:23.470 [info] > git rev-parse --show-toplevel [6ms]
2023-05-15 22:49:23.470 [info] fatal: detected dubious ownership in repository at '/home/lxrdszn/Desktop/EXpoweb_v1'
To add an exception for this directory, call:

	git config --global --add safe.directory /home/lxrdszn/Desktop/EXpoweb_v1
2023-05-15 22:51:00.769 [info] > git rev-parse --show-toplevel [41ms]
2023-05-15 22:51:00.769 [info] fatal: detected dubious ownership in repository at '/home/lxrdszn/Desktop/EXpoweb_v1'
To add an exception for this directory, call:

	git config --global --add safe.directory /home/lxrdszn/Desktop/EXpoweb_v1
2023-05-15 22:51:07.136 [info] > git rev-parse --show-toplevel [66ms]
2023-05-15 22:51:07.136 [info] fatal: detected dubious ownership in repository at '/home/lxrdszn/Desktop/EXpoweb_v1'
To add an exception for this directory, call:

	git config --global --add safe.directory /home/lxrdszn/Desktop/EXpoweb_v1
2023-05-15 22:51:10.244 [info] > git rev-parse --show-toplevel [87ms]
2023-05-15 22:51:10.244 [info] fatal: detected dubious ownership in repository at '/home/lxrdszn/Desktop/EXpoweb_v1'
To add an exception for this directory, call:

	git config --global --add safe.directory /home/lxrdszn/Desktop/EXpoweb_v1
2023-05-15 22:53:48.252 [info] > git rev-parse --show-toplevel [43ms]
2023-05-15 22:53:48.252 [info] fatal: detected dubious ownership in repository at '/home/lxrdszn/Desktop/EXpoweb_v1'
To add an exception for this directory, call:

	git config --global --add safe.directory /home/lxrdszn/Desktop/EXpoweb_v1
2023-05-15 22:53:50.529 [info] > git rev-parse --show-toplevel [34ms]
2023-05-15 22:53:50.529 [info] fatal: detected dubious ownership in repository at '/home/lxrdszn/Desktop/EXpoweb_v1'
To add an exception for this directory, call:

	git config --global --add safe.directory /home/lxrdszn/Desktop/EXpoweb_v1
2023-05-15 22:54:05.373 [info] > git rev-parse --show-toplevel [29ms]
2023-05-15 22:54:05.373 [info] fatal: detected dubious ownership in repository at '/home/lxrdszn/Desktop/EXpoweb_v1'
To add an exception for this directory, call:

	git config --global --add safe.directory /home/lxrdszn/Desktop/EXpoweb_v1
2023-05-15 22:57:58.060 [info] > git rev-parse --show-toplevel [12ms]
2023-05-15 22:57:58.060 [info] fatal: detected dubious ownership in repository at '/home/lxrdszn/Desktop/EXpoweb_v1'
To add an exception for this directory, call:

	git config --global --add safe.directory /home/lxrdszn/Desktop/EXpoweb_v1
2023-05-15 22:58:03.651 [info] > git rev-parse --show-toplevel [24ms]
2023-05-15 22:58:03.651 [info] fatal: detected dubious ownership in repository at '/home/lxrdszn/Desktop/EXpoweb_v1'
To add an exception for this directory, call:

	git config --global --add safe.directory /home/lxrdszn/Desktop/EXpoweb_v1
2023-05-15 23:01:50.069 [info] > git rev-parse --show-toplevel [10ms]
2023-05-15 23:01:50.069 [info] fatal: detected dubious ownership in repository at '/home/lxrdszn/Desktop/EXpoweb_v1'
To add an exception for this directory, call:

	git config --global --add safe.directory /home/lxrdszn/Desktop/EXpoweb_v1
2023-05-15 23:02:28.955 [info] > git rev-parse --show-toplevel [29ms]
2023-05-15 23:02:28.955 [info] fatal: detected dubious ownership in repository at '/home/lxrdszn/Desktop/EXpoweb_v1'
To add an exception for this directory, call:

	git config --global --add safe.directory /home/lxrdszn/Desktop/EXpoweb_v1
2023-05-15 23:09:55.274 [info] > git rev-parse --show-toplevel [46ms]
2023-05-15 23:09:55.274 [info] fatal: detected dubious ownership in repository at '/home/lxrdszn/Desktop/EXpoweb_v1'
To add an exception for this directory, call:

	git config --global --add safe.directory /home/lxrdszn/Desktop/EXpoweb_v1
2023-05-15 23:10:05.088 [info] > git rev-parse --show-toplevel [75ms]
2023-05-15 23:10:05.088 [info] fatal: detected dubious ownership in repository at '/home/lxrdszn/Desktop/EXpoweb_v1'
To add an exception for this directory, call:

	git config --global --add safe.directory /home/lxrdszn/Desktop/EXpoweb_v1
2023-05-15 23:10:09.776 [info] > git rev-parse --show-toplevel [62ms]
2023-05-15 23:10:09.776 [info] fatal: detected dubious ownership in repository at '/home/lxrdszn/Desktop/EXpoweb_v1'
To add an exception for this directory, call:

	git config --global --add safe.directory /home/lxrdszn/Desktop/EXpoweb_v1
2023-05-15 23:10:21.125 [info] > git rev-parse --show-toplevel [37ms]
2023-05-15 23:10:21.125 [info] fatal: detected dubious ownership in repository at '/home/lxrdszn/Desktop/EXpoweb_v1'
To add an exception for this directory, call:

	git config --global --add safe.directory /home/lxrdszn/Desktop/EXpoweb_v1
2023-05-15 23:16:15.158 [info] > git rev-parse --show-toplevel [57ms]
2023-05-15 23:16:15.158 [info] fatal: detected dubious ownership in repository at '/home/lxrdszn/Desktop/EXpoweb_v1'
To add an exception for this directory, call:

	git config --global --add safe.directory /home/lxrdszn/Desktop/EXpoweb_v1
2023-05-15 23:16:18.702 [info] > git rev-parse --show-toplevel [82ms]
2023-05-15 23:16:18.702 [info] fatal: detected dubious ownership in repository at '/home/lxrdszn/Desktop/EXpoweb_v1'
To add an exception for this directory, call:

	git config --global --add safe.directory /home/lxrdszn/Desktop/EXpoweb_v1
2023-05-15 23:16:37.803 [info] > git rev-parse --show-toplevel [35ms]
2023-05-15 23:16:37.803 [info] fatal: detected dubious ownership in repository at '/home/lxrdszn/Desktop/EXpoweb_v1'
To add an exception for this directory, call:

	git config --global --add safe.directory /home/lxrdszn/Desktop/EXpoweb_v1
2023-05-15 23:16:45.715 [info] > git rev-parse --show-toplevel [47ms]
2023-05-15 23:16:45.716 [info] fatal: detected dubious ownership in repository at '/home/lxrdszn/Desktop/EXpoweb_v1'
To add an exception for this directory, call:

	git config --global --add safe.directory /home/lxrdszn/Desktop/EXpoweb_v1
2023-05-15 23:22:19.053 [info] > git rev-parse --show-toplevel [76ms]
2023-05-15 23:22:19.054 [info] fatal: detected dubious ownership in repository at '/home/lxrdszn/Desktop/EXpoweb_v1'
To add an exception for this directory, call:

	git config --global --add safe.directory /home/lxrdszn/Desktop/EXpoweb_v1
2023-05-15 23:22:22.062 [info] > git rev-parse --show-toplevel [29ms]
2023-05-15 23:22:22.062 [info] fatal: detected dubious ownership in repository at '/home/lxrdszn/Desktop/EXpoweb_v1'
To add an exception for this directory, call:

	git config --global --add safe.directory /home/lxrdszn/Desktop/EXpoweb_v1
2023-05-15 23:22:29.190 [info] > git rev-parse --show-toplevel [53ms]
2023-05-15 23:22:29.190 [info] fatal: detected dubious ownership in repository at '/home/lxrdszn/Desktop/EXpoweb_v1'
To add an exception for this directory, call:

	git config --global --add safe.directory /home/lxrdszn/Desktop/EXpoweb_v1
2023-05-15 23:22:44.303 [info] > git rev-parse --show-toplevel [40ms]
2023-05-15 23:22:44.303 [info] fatal: detected dubious ownership in repository at '/home/lxrdszn/Desktop/EXpoweb_v1'
To add an exception for this directory, call:

	git config --global --add safe.directory /home/lxrdszn/Desktop/EXpoweb_v1
2023-05-15 23:22:52.189 [info] > git rev-parse --show-toplevel [19ms]
2023-05-15 23:22:52.189 [info] fatal: detected dubious ownership in repository at '/home/lxrdszn/Desktop/EXpoweb_v1'
To add an exception for this directory, call:

	git config --global --add safe.directory /home/lxrdszn/Desktop/EXpoweb_v1
2023-05-15 23:23:25.136 [info] > git rev-parse --show-toplevel [35ms]
2023-05-15 23:23:25.136 [info] fatal: detected dubious ownership in repository at '/home/lxrdszn/Desktop/EXpoweb_v1'
To add an exception for this directory, call:

	git config --global --add safe.directory /home/lxrdszn/Desktop/EXpoweb_v1
2023-05-15 23:23:28.373 [info] > git rev-parse --show-toplevel [45ms]
2023-05-15 23:23:28.373 [info] fatal: detected dubious ownership in repository at '/home/lxrdszn/Desktop/EXpoweb_v1'
To add an exception for this directory, call:

	git config --global --add safe.directory /home/lxrdszn/Desktop/EXpoweb_v1
2023-05-15 23:23:31.227 [info] > git rev-parse --show-toplevel [25ms]
2023-05-15 23:23:31.227 [info] fatal: detected dubious ownership in repository at '/home/lxrdszn/Desktop/EXpoweb_v1'
To add an exception for this directory, call:

	git config --global --add safe.directory /home/lxrdszn/Desktop/EXpoweb_v1
2023-05-15 23:23:34.694 [info] > git rev-parse --show-toplevel [4ms]
2023-05-15 23:23:34.694 [info] fatal: detected dubious ownership in repository at '/home/lxrdszn/Desktop/EXpoweb_v1'
To add an exception for this directory, call:

	git config --global --add safe.directory /home/lxrdszn/Desktop/EXpoweb_v1
2023-05-15 23:24:55.950 [info] > git rev-parse --show-toplevel [52ms]
2023-05-15 23:24:55.950 [info] fatal: detected dubious ownership in repository at '/home/lxrdszn/Desktop/EXpoweb_v1'
To add an exception for this directory, call:

	git config --global --add safe.directory /home/lxrdszn/Desktop/EXpoweb_v1
2023-05-15 23:24:59.867 [info] > git rev-parse --show-toplevel [30ms]
2023-05-15 23:24:59.867 [info] fatal: detected dubious ownership in repository at '/home/lxrdszn/Desktop/EXpoweb_v1'
To add an exception for this directory, call:

	git config --global --add safe.directory /home/lxrdszn/Desktop/EXpoweb_v1
2023-05-15 23:25:10.861 [info] > git rev-parse --show-toplevel [41ms]
2023-05-15 23:25:10.861 [info] fatal: detected dubious ownership in repository at '/home/lxrdszn/Desktop/EXpoweb_v1'
To add an exception for this directory, call:

	git config --global --add safe.directory /home/lxrdszn/Desktop/EXpoweb_v1
2023-05-15 23:29:04.710 [info] > git rev-parse --show-toplevel [22ms]
2023-05-15 23:29:04.710 [info] fatal: detected dubious ownership in repository at '/home/lxrdszn/Desktop/EXpoweb_v1'
To add an exception for this directory, call:

	git config --global --add safe.directory /home/lxrdszn/Desktop/EXpoweb_v1
2023-05-15 23:29:44.617 [info] > git rev-parse --show-toplevel [16ms]
2023-05-15 23:29:44.617 [info] fatal: detected dubious ownership in repository at '/home/lxrdszn/Desktop/EXpoweb_v1'
To add an exception for this directory, call:

	git config --global --add safe.directory /home/lxrdszn/Desktop/EXpoweb_v1
2023-05-15 23:31:45.842 [info] > git rev-parse --show-toplevel [9ms]
2023-05-15 23:31:45.842 [info] fatal: detected dubious ownership in repository at '/home/lxrdszn/Desktop/EXpoweb_v1'
To add an exception for this directory, call:

	git config --global --add safe.directory /home/lxrdszn/Desktop/EXpoweb_v1
2023-05-15 23:31:58.294 [info] > git rev-parse --show-toplevel [7ms]
2023-05-15 23:31:58.294 [info] fatal: detected dubious ownership in repository at '/home/lxrdszn/Desktop/EXpoweb_v1'
To add an exception for this directory, call:

	git config --global --add safe.directory /home/lxrdszn/Desktop/EXpoweb_v1
2023-05-15 23:32:30.917 [info] > git rev-parse --show-toplevel [29ms]
2023-05-15 23:32:30.917 [info] fatal: detected dubious ownership in repository at '/home/lxrdszn/Desktop/EXpoweb_v1'
To add an exception for this directory, call:

	git config --global --add safe.directory /home/lxrdszn/Desktop/EXpoweb_v1
2023-05-15 23:32:41.177 [info] > git rev-parse --show-toplevel [48ms]
2023-05-15 23:32:41.185 [info] fatal: detected dubious ownership in repository at '/home/lxrdszn/Desktop/EXpoweb_v1'
To add an exception for this directory, call:

	git config --global --add safe.directory /home/lxrdszn/Desktop/EXpoweb_v1
2023-05-15 23:32:52.740 [info] > git rev-parse --show-toplevel [15ms]
2023-05-15 23:32:52.740 [info] fatal: detected dubious ownership in repository at '/home/lxrdszn/Desktop/EXpoweb_v1'
To add an exception for this directory, call:

	git config --global --add safe.directory /home/lxrdszn/Desktop/EXpoweb_v1
2023-05-15 23:35:10.266 [info] > git rev-parse --show-toplevel [16ms]
2023-05-15 23:35:10.266 [info] fatal: detected dubious ownership in repository at '/home/lxrdszn/Desktop/EXpoweb_v1'
To add an exception for this directory, call:

	git config --global --add safe.directory /home/lxrdszn/Desktop/EXpoweb_v1
2023-05-15 23:36:16.896 [info] > git rev-parse --show-toplevel [6ms]
2023-05-15 23:36:16.896 [info] fatal: detected dubious ownership in repository at '/home/lxrdszn/Desktop/EXpoweb_v1'
To add an exception for this directory, call:

	git config --global --add safe.directory /home/lxrdszn/Desktop/EXpoweb_v1
2023-05-15 23:36:30.573 [info] > git rev-parse --show-toplevel [25ms]
2023-05-15 23:36:30.573 [info] fatal: detected dubious ownership in repository at '/home/lxrdszn/Desktop/EXpoweb_v1'
To add an exception for this directory, call:

	git config --global --add safe.directory /home/lxrdszn/Desktop/EXpoweb_v1
2023-05-15 23:36:44.225 [info] > git rev-parse --show-toplevel [34ms]
2023-05-15 23:36:44.225 [info] fatal: detected dubious ownership in repository at '/home/lxrdszn/Desktop/EXpoweb_v1'
To add an exception for this directory, call:

	git config --global --add safe.directory /home/lxrdszn/Desktop/EXpoweb_v1
2023-05-15 23:36:46.641 [info] > git rev-parse --show-toplevel [77ms]
2023-05-15 23:36:46.641 [info] fatal: detected dubious ownership in repository at '/home/lxrdszn/Desktop/EXpoweb_v1'
To add an exception for this directory, call:

	git config --global --add safe.directory /home/lxrdszn/Desktop/EXpoweb_v1
2023-05-15 23:41:16.854 [info] > git rev-parse --show-toplevel [35ms]
2023-05-15 23:41:16.854 [info] fatal: detected dubious ownership in repository at '/home/lxrdszn/Desktop/EXpoweb_v1'
To add an exception for this directory, call:

	git config --global --add safe.directory /home/lxrdszn/Desktop/EXpoweb_v1
2023-05-15 23:41:22.764 [info] > git rev-parse --show-toplevel [99ms]
2023-05-15 23:41:22.764 [info] fatal: detected dubious ownership in repository at '/home/lxrdszn/Desktop/EXpoweb_v1'
To add an exception for this directory, call:

	git config --global --add safe.directory /home/lxrdszn/Desktop/EXpoweb_v1
2023-05-15 23:41:29.514 [info] > git rev-parse --show-toplevel [13ms]
2023-05-15 23:41:29.514 [info] fatal: detected dubious ownership in repository at '/home/lxrdszn/Desktop/EXpoweb_v1'
To add an exception for this directory, call:

	git config --global --add safe.directory /home/lxrdszn/Desktop/EXpoweb_v1
2023-05-15 23:41:38.776 [info] > git rev-parse --show-toplevel [20ms]
2023-05-15 23:41:38.776 [info] fatal: detected dubious ownership in repository at '/home/lxrdszn/Desktop/EXpoweb_v1'
To add an exception for this directory, call:

	git config --global --add safe.directory /home/lxrdszn/Desktop/EXpoweb_v1
2023-05-15 23:41:46.488 [info] > git rev-parse --show-toplevel [96ms]
2023-05-15 23:41:46.488 [info] fatal: detected dubious ownership in repository at '/home/lxrdszn/Desktop/EXpoweb_v1'
To add an exception for this directory, call:

	git config --global --add safe.directory /home/lxrdszn/Desktop/EXpoweb_v1
2023-05-15 23:42:30.140 [info] > git rev-parse --show-toplevel [12ms]
2023-05-15 23:42:30.140 [info] fatal: detected dubious ownership in repository at '/home/lxrdszn/Desktop/EXpoweb_v1'
To add an exception for this directory, call:

	git config --global --add safe.directory /home/lxrdszn/Desktop/EXpoweb_v1
2023-05-15 23:42:58.742 [info] > git rev-parse --show-toplevel [3ms]
2023-05-15 23:42:58.742 [info] fatal: detected dubious ownership in repository at '/home/lxrdszn/Desktop/EXpoweb_v1'
To add an exception for this directory, call:

	git config --global --add safe.directory /home/lxrdszn/Desktop/EXpoweb_v1
2023-05-15 23:43:08.401 [info] > git rev-parse --show-toplevel [3ms]
2023-05-15 23:43:08.401 [info] fatal: detected dubious ownership in repository at '/home/lxrdszn/Desktop/EXpoweb_v1'
To add an exception for this directory, call:

	git config --global --add safe.directory /home/lxrdszn/Desktop/EXpoweb_v1
2023-05-16 00:06:25.349 [info] > git rev-parse --show-toplevel [51ms]
2023-05-16 00:06:25.350 [info] fatal: detected dubious ownership in repository at '/home/lxrdszn/Desktop/EXpoweb_v1'
To add an exception for this directory, call:

	git config --global --add safe.directory /home/lxrdszn/Desktop/EXpoweb_v1
2023-05-16 00:06:30.522 [info] > git rev-parse --show-toplevel [584ms]
2023-05-16 00:06:30.523 [info] fatal: detected dubious ownership in repository at '/home/lxrdszn/Desktop/EXpoweb_v1'
To add an exception for this directory, call:

	git config --global --add safe.directory /home/lxrdszn/Desktop/EXpoweb_v1
2023-05-16 00:06:30.913 [info] > git rev-parse --show-toplevel [17ms]
2023-05-16 00:06:30.913 [info] fatal: detected dubious ownership in repository at '/home/lxrdszn/Desktop/EXpoweb_v1'
To add an exception for this directory, call:

	git config --global --add safe.directory /home/lxrdszn/Desktop/EXpoweb_v1
2023-05-16 00:06:36.807 [info] > git rev-parse --show-toplevel [28ms]
2023-05-16 00:06:36.807 [info] fatal: detected dubious ownership in repository at '/home/lxrdszn/Desktop/EXpoweb_v1'
To add an exception for this directory, call:

	git config --global --add safe.directory /home/lxrdszn/Desktop/EXpoweb_v1
2023-05-16 00:06:41.311 [info] > git rev-parse --show-toplevel [63ms]
2023-05-16 00:06:41.311 [info] fatal: detected dubious ownership in repository at '/home/lxrdszn/Desktop/EXpoweb_v1'
To add an exception for this directory, call:

	git config --global --add safe.directory /home/lxrdszn/Desktop/EXpoweb_v1
2023-05-16 00:07:36.786 [info] > git rev-parse --show-toplevel [43ms]
2023-05-16 00:07:36.786 [info] fatal: detected dubious ownership in repository at '/home/lxrdszn/Desktop/EXpoweb_v1'
To add an exception for this directory, call:

	git config --global --add safe.directory /home/lxrdszn/Desktop/EXpoweb_v1
2023-05-16 00:13:25.994 [info] > git rev-parse --show-toplevel [8ms]
2023-05-16 00:13:25.994 [info] fatal: detected dubious ownership in repository at '/home/lxrdszn/Desktop/EXpoweb_v1'
To add an exception for this directory, call:

	git config --global --add safe.directory /home/lxrdszn/Desktop/EXpoweb_v1
2023-05-16 00:13:46.799 [info] > git rev-parse --show-toplevel [21ms]
2023-05-16 00:13:46.799 [info] fatal: detected dubious ownership in repository at '/home/lxrdszn/Desktop/EXpoweb_v1'
To add an exception for this directory, call:

	git config --global --add safe.directory /home/lxrdszn/Desktop/EXpoweb_v1
2023-05-16 00:13:52.544 [info] > git rev-parse --show-toplevel [36ms]
2023-05-16 00:13:52.544 [info] fatal: detected dubious ownership in repository at '/home/lxrdszn/Desktop/EXpoweb_v1'
To add an exception for this directory, call:

	git config --global --add safe.directory /home/lxrdszn/Desktop/EXpoweb_v1
2023-05-16 00:17:03.342 [info] > git rev-parse --show-toplevel [20ms]
2023-05-16 00:17:03.342 [info] fatal: detected dubious ownership in repository at '/home/lxrdszn/Desktop/EXpoweb_v1'
To add an exception for this directory, call:

	git config --global --add safe.directory /home/lxrdszn/Desktop/EXpoweb_v1
2023-05-16 00:20:09.742 [info] > git rev-parse --show-toplevel [296ms]
2023-05-16 00:20:09.744 [info] fatal: detected dubious ownership in repository at '/home/lxrdszn/Desktop/EXpoweb_v1'
To add an exception for this directory, call:

	git config --global --add safe.directory /home/lxrdszn/Desktop/EXpoweb_v1
2023-05-16 00:21:41.425 [info] > git rev-parse --show-toplevel [31ms]
2023-05-16 00:21:41.426 [info] fatal: detected dubious ownership in repository at '/home/lxrdszn/Desktop/EXpoweb_v1'
To add an exception for this directory, call:

	git config --global --add safe.directory /home/lxrdszn/Desktop/EXpoweb_v1
2023-05-16 00:33:17.468 [info] > git rev-parse --show-toplevel [146ms]
2023-05-16 00:33:17.476 [info] fatal: detected dubious ownership in repository at '/home/lxrdszn/Desktop/EXpoweb_v1'
To add an exception for this directory, call:

	git config --global --add safe.directory /home/lxrdszn/Desktop/EXpoweb_v1
2023-05-16 00:34:35.240 [info] > git rev-parse --show-toplevel [24ms]
2023-05-16 00:34:35.241 [info] fatal: detected dubious ownership in repository at '/home/lxrdszn/Desktop/EXpoweb_v1'
To add an exception for this directory, call:

	git config --global --add safe.directory /home/lxrdszn/Desktop/EXpoweb_v1
2023-05-16 00:53:25.758 [info] > git rev-parse --show-toplevel [6ms]
2023-05-16 00:53:25.762 [info] fatal: detected dubious ownership in repository at '/home/lxrdszn/Desktop/EXpoweb_v1'
To add an exception for this directory, call:

	git config --global --add safe.directory /home/lxrdszn/Desktop/EXpoweb_v1
2023-05-16 00:53:46.659 [info] > git rev-parse --show-toplevel [6ms]
2023-05-16 00:53:46.659 [info] fatal: detected dubious ownership in repository at '/home/lxrdszn/Desktop/EXpoweb_v1'
To add an exception for this directory, call:

	git config --global --add safe.directory /home/lxrdszn/Desktop/EXpoweb_v1
2023-05-16 00:53:57.963 [info] > git rev-parse --show-toplevel [2ms]
2023-05-16 00:53:57.963 [info] fatal: detected dubious ownership in repository at '/home/lxrdszn/Desktop/EXpoweb_v1'
To add an exception for this directory, call:

	git config --global --add safe.directory /home/lxrdszn/Desktop/EXpoweb_v1
2023-05-16 01:07:30.512 [info] > git rev-parse --show-toplevel [9ms]
2023-05-16 01:07:30.514 [info] fatal: detected dubious ownership in repository at '/home/lxrdszn/Desktop/EXpoweb_v1'
To add an exception for this directory, call:

	git config --global --add safe.directory /home/lxrdszn/Desktop/EXpoweb_v1
2023-05-16 01:19:10.111 [info] > git rev-parse --show-toplevel [8ms]
2023-05-16 01:19:10.111 [info] fatal: detected dubious ownership in repository at '/home/lxrdszn/Desktop/EXpoweb_v1'
To add an exception for this directory, call:

	git config --global --add safe.directory /home/lxrdszn/Desktop/EXpoweb_v1
2023-05-16 01:19:14.975 [info] > git rev-parse --show-toplevel [8ms]
2023-05-16 01:19:14.975 [info] fatal: detected dubious ownership in repository at '/home/lxrdszn/Desktop/EXpoweb_v1'
To add an exception for this directory, call:

	git config --global --add safe.directory /home/lxrdszn/Desktop/EXpoweb_v1
2023-05-16 01:19:27.650 [info] > git rev-parse --show-toplevel [23ms]
2023-05-16 01:19:27.650 [info] fatal: detected dubious ownership in repository at '/home/lxrdszn/Desktop/EXpoweb_v1'
To add an exception for this directory, call:

	git config --global --add safe.directory /home/lxrdszn/Desktop/EXpoweb_v1
2023-05-16 01:19:37.655 [info] > git rev-parse --show-toplevel [47ms]
2023-05-16 01:19:37.655 [info] fatal: detected dubious ownership in repository at '/home/lxrdszn/Desktop/EXpoweb_v1'
To add an exception for this directory, call:

	git config --global --add safe.directory /home/lxrdszn/Desktop/EXpoweb_v1
2023-05-16 01:45:41.925 [info] > git rev-parse --show-toplevel [133ms]
2023-05-16 01:45:41.927 [info] fatal: detected dubious ownership in repository at '/home/lxrdszn/Desktop/EXpoweb_v1'
To add an exception for this directory, call:

	git config --global --add safe.directory /home/lxrdszn/Desktop/EXpoweb_v1
2023-05-16 02:07:07.670 [info] > git rev-parse --show-toplevel [19ms]
2023-05-16 02:07:07.670 [info] fatal: detected dubious ownership in repository at '/home/lxrdszn/Desktop/EXpoweb_v1'
To add an exception for this directory, call:

	git config --global --add safe.directory /home/lxrdszn/Desktop/EXpoweb_v1
2023-05-16 02:07:18.791 [info] > git rev-parse --show-toplevel [2ms]
2023-05-16 02:07:18.791 [info] fatal: detected dubious ownership in repository at '/home/lxrdszn/Desktop/EXpoweb_v1'
To add an exception for this directory, call:

	git config --global --add safe.directory /home/lxrdszn/Desktop/EXpoweb_v1
2023-05-16 02:07:29.966 [info] > git rev-parse --show-toplevel [3ms]
2023-05-16 02:07:29.966 [info] fatal: detected dubious ownership in repository at '/home/lxrdszn/Desktop/EXpoweb_v1'
To add an exception for this directory, call:

	git config --global --add safe.directory /home/lxrdszn/Desktop/EXpoweb_v1
2023-05-16 02:43:04.774 [info] > git rev-parse --show-toplevel [72ms]
2023-05-16 02:43:04.774 [info] fatal: detected dubious ownership in repository at '/home/lxrdszn/Desktop/EXpoweb_v1'
To add an exception for this directory, call:

	git config --global --add safe.directory /home/lxrdszn/Desktop/EXpoweb_v1
2023-05-16 02:43:31.865 [info] > git rev-parse --show-toplevel [68ms]
2023-05-16 02:43:31.866 [info] fatal: detected dubious ownership in repository at '/home/lxrdszn/Desktop/EXpoweb_v1'
To add an exception for this directory, call:

	git config --global --add safe.directory /home/lxrdszn/Desktop/EXpoweb_v1
2023-05-16 02:44:14.463 [info] > git rev-parse --show-toplevel [20ms]
2023-05-16 02:44:14.463 [info] fatal: detected dubious ownership in repository at '/home/lxrdszn/Desktop/EXpoweb_v1'
To add an exception for this directory, call:

	git config --global --add safe.directory /home/lxrdszn/Desktop/EXpoweb_v1
2023-05-16 02:45:21.055 [info] > git rev-parse --show-toplevel [6ms]
2023-05-16 02:45:21.055 [info] fatal: detected dubious ownership in repository at '/home/lxrdszn/Desktop/EXpoweb_v1'
To add an exception for this directory, call:

	git config --global --add safe.directory /home/lxrdszn/Desktop/EXpoweb_v1
2023-05-16 02:45:46.322 [info] > git rev-parse --show-toplevel [4ms]
2023-05-16 02:45:46.322 [info] fatal: detected dubious ownership in repository at '/home/lxrdszn/Desktop/EXpoweb_v1'
To add an exception for this directory, call:

	git config --global --add safe.directory /home/lxrdszn/Desktop/EXpoweb_v1
